{"C:\\my directory\\marlen\\task-manager\\src\\shared\\api\\constants.ts": {"path":"C:\\my directory\\marlen\\task-manager\\src\\shared\\api\\constants.ts","all":false,"statementMap":{"0":{"start":{"line":1,"column":0},"end":{"line":1,"column":25}},"1":{"start":{"line":2,"column":0},"end":{"line":2,"column":0}},"2":{"start":{"line":3,"column":0},"end":{"line":3,"column":48}},"3":{"start":{"line":4,"column":0},"end":{"line":4,"column":46}},"4":{"start":{"line":5,"column":0},"end":{"line":5,"column":0}},"5":{"start":{"line":6,"column":0},"end":{"line":6,"column":41}}},"s":{"0":1,"1":1,"2":1,"3":1,"4":1,"5":1},"branchMap":{},"b":{},"fnMap":{},"f":{}}
,"C:\\my directory\\marlen\\task-manager\\src\\shared\\api\\index.ts": {"path":"C:\\my directory\\marlen\\task-manager\\src\\shared\\api\\index.ts","all":false,"statementMap":{"0":{"start":{"line":1,"column":0},"end":{"line":1,"column":23}},"1":{"start":{"line":2,"column":0},"end":{"line":2,"column":27}},"2":{"start":{"line":3,"column":0},"end":{"line":3,"column":23}}},"s":{"0":1,"1":1,"2":1},"branchMap":{},"b":{},"fnMap":{},"f":{}}
,"C:\\my directory\\marlen\\task-manager\\src\\shared\\api\\store\\index.ts": {"path":"C:\\my directory\\marlen\\task-manager\\src\\shared\\api\\store\\index.ts","all":false,"statementMap":{"0":{"start":{"line":1,"column":0},"end":{"line":1,"column":25}},"1":{"start":{"line":2,"column":0},"end":{"line":2,"column":22}},"2":{"start":{"line":3,"column":0},"end":{"line":3,"column":24}}},"s":{"0":1,"1":1,"2":1},"branchMap":{},"b":{},"fnMap":{},"f":{}}
,"C:\\my directory\\marlen\\task-manager\\src\\shared\\api\\store\\column\\column.api.ts": {"path":"C:\\my directory\\marlen\\task-manager\\src\\shared\\api\\store\\column\\column.api.ts","all":false,"statementMap":{"0":{"start":{"line":1,"column":0},"end":{"line":1,"column":36}},"1":{"start":{"line":2,"column":0},"end":{"line":2,"column":0}},"2":{"start":{"line":3,"column":0},"end":{"line":3,"column":57}},"3":{"start":{"line":4,"column":0},"end":{"line":4,"column":44}},"4":{"start":{"line":5,"column":0},"end":{"line":5,"column":0}},"5":{"start":{"line":6,"column":0},"end":{"line":6,"column":41}},"6":{"start":{"line":7,"column":0},"end":{"line":7,"column":0}},"7":{"start":{"line":8,"column":0},"end":{"line":8,"column":48}},"8":{"start":{"line":9,"column":0},"end":{"line":9,"column":42}},"9":{"start":{"line":10,"column":0},"end":{"line":10,"column":32}},"10":{"start":{"line":11,"column":0},"end":{"line":11,"column":57}},"11":{"start":{"line":12,"column":0},"end":{"line":12,"column":3}},"12":{"start":{"line":13,"column":0},"end":{"line":13,"column":45}},"13":{"start":{"line":14,"column":0},"end":{"line":14,"column":88}},"14":{"start":{"line":15,"column":0},"end":{"line":15,"column":3}},"15":{"start":{"line":16,"column":0},"end":{"line":16,"column":39}},"16":{"start":{"line":17,"column":0},"end":{"line":17,"column":14}},"17":{"start":{"line":18,"column":0},"end":{"line":18,"column":37}},"18":{"start":{"line":19,"column":0},"end":{"line":19,"column":47}},"19":{"start":{"line":20,"column":0},"end":{"line":20,"column":3}},"20":{"start":{"line":21,"column":0},"end":{"line":21,"column":2}}},"s":{"0":1,"1":1,"2":1,"3":1,"4":1,"5":1,"6":1,"7":1,"8":1,"9":1,"10":1,"11":1,"12":1,"13":1,"14":1,"15":1,"16":1,"17":1,"18":1,"19":1,"20":1},"branchMap":{"0":{"type":"branch","line":9,"loc":{"start":{"line":9,"column":1},"end":{"line":12,"column":3}},"locations":[{"start":{"line":9,"column":1},"end":{"line":12,"column":3}}]},"1":{"type":"branch","line":13,"loc":{"start":{"line":13,"column":1},"end":{"line":15,"column":3}},"locations":[{"start":{"line":13,"column":1},"end":{"line":15,"column":3}}]},"2":{"type":"branch","line":14,"loc":{"start":{"line":14,"column":19},"end":{"line":14,"column":88}},"locations":[{"start":{"line":14,"column":19},"end":{"line":14,"column":88}}]},"3":{"type":"branch","line":14,"loc":{"start":{"line":14,"column":46},"end":{"line":14,"column":83}},"locations":[{"start":{"line":14,"column":46},"end":{"line":14,"column":83}}]},"4":{"type":"branch","line":14,"loc":{"start":{"line":14,"column":79},"end":{"line":14,"column":88}},"locations":[{"start":{"line":14,"column":79},"end":{"line":14,"column":88}}]},"5":{"type":"branch","line":16,"loc":{"start":{"line":16,"column":1},"end":{"line":20,"column":3}},"locations":[{"start":{"line":16,"column":1},"end":{"line":20,"column":3}}]},"6":{"type":"branch","line":18,"loc":{"start":{"line":18,"column":11},"end":{"line":18,"column":37}},"locations":[{"start":{"line":18,"column":11},"end":{"line":18,"column":37}}]},"7":{"type":"branch","line":19,"loc":{"start":{"line":19,"column":8},"end":{"line":19,"column":47}},"locations":[{"start":{"line":19,"column":8},"end":{"line":19,"column":47}}]}},"b":{"0":[1],"1":[1],"2":[2],"3":[1],"4":[1],"5":[1],"6":[2],"7":[1]},"fnMap":{"0":{"name":"addColumn","decl":{"start":{"line":9,"column":1},"end":{"line":12,"column":3}},"loc":{"start":{"line":9,"column":1},"end":{"line":12,"column":3}},"line":9},"1":{"name":"updateColumn","decl":{"start":{"line":13,"column":1},"end":{"line":15,"column":3}},"loc":{"start":{"line":13,"column":1},"end":{"line":15,"column":3}},"line":13},"2":{"name":"deleteColumn","decl":{"start":{"line":16,"column":1},"end":{"line":20,"column":3}},"loc":{"start":{"line":16,"column":1},"end":{"line":20,"column":3}},"line":16}},"f":{"0":1,"1":1,"2":1}}
,"C:\\my directory\\marlen\\task-manager\\src\\shared\\api\\store\\column\\column.mock.ts": {"path":"C:\\my directory\\marlen\\task-manager\\src\\shared\\api\\store\\column\\column.mock.ts","all":false,"statementMap":{"0":{"start":{"line":1,"column":0},"end":{"line":1,"column":65}},"1":{"start":{"line":2,"column":0},"end":{"line":2,"column":0}},"2":{"start":{"line":3,"column":0},"end":{"line":3,"column":47}},"3":{"start":{"line":4,"column":0},"end":{"line":4,"column":14}},"4":{"start":{"line":5,"column":0},"end":{"line":5,"column":15}},"5":{"start":{"line":6,"column":0},"end":{"line":6,"column":21}},"6":{"start":{"line":7,"column":0},"end":{"line":7,"column":1}},"7":{"start":{"line":8,"column":0},"end":{"line":8,"column":0}},"8":{"start":{"line":9,"column":0},"end":{"line":9,"column":47}},"9":{"start":{"line":10,"column":0},"end":{"line":10,"column":13}},"10":{"start":{"line":11,"column":0},"end":{"line":11,"column":10}},"11":{"start":{"line":12,"column":0},"end":{"line":12,"column":19}},"12":{"start":{"line":13,"column":0},"end":{"line":13,"column":3}},"13":{"start":{"line":14,"column":0},"end":{"line":14,"column":1}},"14":{"start":{"line":15,"column":0},"end":{"line":15,"column":0}},"15":{"start":{"line":16,"column":0},"end":{"line":16,"column":38}},"16":{"start":{"line":17,"column":0},"end":{"line":17,"column":77}},"17":{"start":{"line":18,"column":0},"end":{"line":18,"column":81}},"18":{"start":{"line":19,"column":0},"end":{"line":19,"column":1}}},"s":{"0":1,"1":1,"2":1,"3":1,"4":1,"5":1,"6":1,"7":1,"8":1,"9":1,"10":1,"11":1,"12":1,"13":1,"14":1,"15":1,"16":1,"17":1,"18":1},"branchMap":{},"b":{},"fnMap":{},"f":{}}
,"C:\\my directory\\marlen\\task-manager\\src\\shared\\api\\store\\column\\column.selector.ts": {"path":"C:\\my directory\\marlen\\task-manager\\src\\shared\\api\\store\\column\\column.selector.ts","all":false,"statementMap":{"0":{"start":{"line":1,"column":0},"end":{"line":1,"column":37}},"1":{"start":{"line":2,"column":0},"end":{"line":2,"column":0}},"2":{"start":{"line":3,"column":0},"end":{"line":3,"column":84}},"3":{"start":{"line":4,"column":0},"end":{"line":4,"column":49}},"4":{"start":{"line":5,"column":0},"end":{"line":5,"column":0}},"5":{"start":{"line":6,"column":0},"end":{"line":6,"column":70}},"6":{"start":{"line":7,"column":0},"end":{"line":7,"column":33}}},"s":{"0":1,"1":1,"2":1,"3":1,"4":1,"5":1,"6":0},"branchMap":{},"b":{},"fnMap":{"0":{"name":"columnByProjectIdSelector","decl":{"start":{"line":4,"column":39},"end":{"line":4,"column":49}},"loc":{"start":{"line":4,"column":39},"end":{"line":4,"column":49}},"line":4},"1":{"name":"columnByIdSelector","decl":{"start":{"line":6,"column":34},"end":{"line":7,"column":33}},"loc":{"start":{"line":6,"column":34},"end":{"line":7,"column":33}},"line":6}},"f":{"0":0,"1":0}}
,"C:\\my directory\\marlen\\task-manager\\src\\shared\\api\\store\\column\\column.store.ts": {"path":"C:\\my directory\\marlen\\task-manager\\src\\shared\\api\\store\\column\\column.store.ts","all":false,"statementMap":{"0":{"start":{"line":1,"column":0},"end":{"line":1,"column":38}},"1":{"start":{"line":2,"column":0},"end":{"line":2,"column":48}},"2":{"start":{"line":3,"column":0},"end":{"line":3,"column":0}},"3":{"start":{"line":4,"column":0},"end":{"line":4,"column":50}},"4":{"start":{"line":5,"column":0},"end":{"line":5,"column":0}},"5":{"start":{"line":6,"column":0},"end":{"line":6,"column":49}},"6":{"start":{"line":7,"column":0},"end":{"line":7,"column":0}},"7":{"start":{"line":8,"column":0},"end":{"line":8,"column":46}}},"s":{"0":1,"1":1,"2":1,"3":1,"4":1,"5":1,"6":1,"7":1},"branchMap":{},"b":{},"fnMap":{},"f":{}}
,"C:\\my directory\\marlen\\task-manager\\src\\shared\\api\\store\\column\\index.ts": {"path":"C:\\my directory\\marlen\\task-manager\\src\\shared\\api\\store\\column\\index.ts","all":false,"statementMap":{"0":{"start":{"line":1,"column":0},"end":{"line":1,"column":41}},"1":{"start":{"line":2,"column":0},"end":{"line":2,"column":42}},"2":{"start":{"line":3,"column":0},"end":{"line":3,"column":33}}},"s":{"0":1,"1":1,"2":1},"branchMap":{},"b":{},"fnMap":{},"f":{}}
,"C:\\my directory\\marlen\\task-manager\\src\\shared\\api\\store\\project\\index.ts": {"path":"C:\\my directory\\marlen\\task-manager\\src\\shared\\api\\store\\project\\index.ts","all":false,"statementMap":{"0":{"start":{"line":1,"column":0},"end":{"line":1,"column":43}},"1":{"start":{"line":2,"column":0},"end":{"line":2,"column":44}}},"s":{"0":1,"1":1},"branchMap":{},"b":{},"fnMap":{},"f":{}}
,"C:\\my directory\\marlen\\task-manager\\src\\shared\\api\\store\\project\\project.api.ts": {"path":"C:\\my directory\\marlen\\task-manager\\src\\shared\\api\\store\\project\\project.api.ts","all":false,"statementMap":{"0":{"start":{"line":1,"column":0},"end":{"line":1,"column":36}},"1":{"start":{"line":2,"column":0},"end":{"line":2,"column":0}},"2":{"start":{"line":3,"column":0},"end":{"line":3,"column":59}},"3":{"start":{"line":4,"column":0},"end":{"line":4,"column":44}},"4":{"start":{"line":5,"column":0},"end":{"line":5,"column":0}},"5":{"start":{"line":6,"column":0},"end":{"line":6,"column":43}},"6":{"start":{"line":7,"column":0},"end":{"line":7,"column":0}},"7":{"start":{"line":8,"column":0},"end":{"line":8,"column":50}},"8":{"start":{"line":9,"column":0},"end":{"line":9,"column":44}},"9":{"start":{"line":10,"column":0},"end":{"line":10,"column":64}},"10":{"start":{"line":11,"column":0},"end":{"line":11,"column":3}},"11":{"start":{"line":12,"column":0},"end":{"line":12,"column":47}},"12":{"start":{"line":13,"column":0},"end":{"line":13,"column":26}},"13":{"start":{"line":14,"column":0},"end":{"line":14,"column":67}},"14":{"start":{"line":15,"column":0},"end":{"line":15,"column":3}},"15":{"start":{"line":16,"column":0},"end":{"line":16,"column":3}},"16":{"start":{"line":17,"column":0},"end":{"line":17,"column":40}},"17":{"start":{"line":18,"column":0},"end":{"line":18,"column":50}},"18":{"start":{"line":19,"column":0},"end":{"line":19,"column":3}},"19":{"start":{"line":20,"column":0},"end":{"line":20,"column":2}}},"s":{"0":1,"1":1,"2":1,"3":1,"4":1,"5":1,"6":1,"7":1,"8":1,"9":1,"10":1,"11":1,"12":1,"13":2,"14":1,"15":1,"16":1,"17":1,"18":1,"19":1},"branchMap":{"0":{"type":"branch","line":9,"loc":{"start":{"line":9,"column":1},"end":{"line":11,"column":3}},"locations":[{"start":{"line":9,"column":1},"end":{"line":11,"column":3}}]},"1":{"type":"branch","line":12,"loc":{"start":{"line":12,"column":1},"end":{"line":16,"column":3}},"locations":[{"start":{"line":12,"column":1},"end":{"line":16,"column":3}}]},"2":{"type":"branch","line":13,"loc":{"start":{"line":13,"column":19},"end":{"line":14,"column":67}},"locations":[{"start":{"line":13,"column":19},"end":{"line":14,"column":67}}]},"3":{"type":"branch","line":14,"loc":{"start":{"line":14,"column":23},"end":{"line":14,"column":62}},"locations":[{"start":{"line":14,"column":23},"end":{"line":14,"column":62}}]},"4":{"type":"branch","line":14,"loc":{"start":{"line":14,"column":58},"end":{"line":14,"column":67}},"locations":[{"start":{"line":14,"column":58},"end":{"line":14,"column":67}}]},"5":{"type":"branch","line":17,"loc":{"start":{"line":17,"column":1},"end":{"line":19,"column":3}},"locations":[{"start":{"line":17,"column":1},"end":{"line":19,"column":3}}]},"6":{"type":"branch","line":18,"loc":{"start":{"line":18,"column":22},"end":{"line":18,"column":50}},"locations":[{"start":{"line":18,"column":22},"end":{"line":18,"column":50}}]}},"b":{"0":[1],"1":[1],"2":[2],"3":[1],"4":[1],"5":[1],"6":[2]},"fnMap":{"0":{"name":"addProject","decl":{"start":{"line":9,"column":1},"end":{"line":11,"column":3}},"loc":{"start":{"line":9,"column":1},"end":{"line":11,"column":3}},"line":9},"1":{"name":"updateProject","decl":{"start":{"line":12,"column":1},"end":{"line":16,"column":3}},"loc":{"start":{"line":12,"column":1},"end":{"line":16,"column":3}},"line":12},"2":{"name":"deleteProject","decl":{"start":{"line":17,"column":1},"end":{"line":19,"column":3}},"loc":{"start":{"line":17,"column":1},"end":{"line":19,"column":3}},"line":17}},"f":{"0":1,"1":1,"2":1}}
,"C:\\my directory\\marlen\\task-manager\\src\\shared\\api\\store\\project\\project.mock.ts": {"path":"C:\\my directory\\marlen\\task-manager\\src\\shared\\api\\store\\project\\project.mock.ts","all":false,"statementMap":{"0":{"start":{"line":1,"column":0},"end":{"line":1,"column":68}},"1":{"start":{"line":2,"column":0},"end":{"line":2,"column":0}},"2":{"start":{"line":3,"column":0},"end":{"line":3,"column":49}},"3":{"start":{"line":4,"column":0},"end":{"line":4,"column":13}},"4":{"start":{"line":5,"column":0},"end":{"line":5,"column":11}},"5":{"start":{"line":6,"column":0},"end":{"line":6,"column":25}},"6":{"start":{"line":7,"column":0},"end":{"line":7,"column":3}},"7":{"start":{"line":8,"column":0},"end":{"line":8,"column":1}},"8":{"start":{"line":9,"column":0},"end":{"line":9,"column":0}},"9":{"start":{"line":10,"column":0},"end":{"line":10,"column":49}},"10":{"start":{"line":11,"column":0},"end":{"line":11,"column":15}},"11":{"start":{"line":12,"column":0},"end":{"line":12,"column":18}},"12":{"start":{"line":13,"column":0},"end":{"line":13,"column":17}},"13":{"start":{"line":14,"column":0},"end":{"line":14,"column":1}},"14":{"start":{"line":15,"column":0},"end":{"line":15,"column":0}},"15":{"start":{"line":16,"column":0},"end":{"line":16,"column":40}},"16":{"start":{"line":17,"column":0},"end":{"line":17,"column":78}},"17":{"start":{"line":18,"column":0},"end":{"line":18,"column":86}},"18":{"start":{"line":19,"column":0},"end":{"line":19,"column":1}}},"s":{"0":1,"1":1,"2":1,"3":1,"4":1,"5":1,"6":1,"7":1,"8":1,"9":1,"10":1,"11":1,"12":1,"13":1,"14":1,"15":1,"16":1,"17":1,"18":1},"branchMap":{},"b":{},"fnMap":{},"f":{}}
,"C:\\my directory\\marlen\\task-manager\\src\\shared\\api\\store\\project\\project.store.ts": {"path":"C:\\my directory\\marlen\\task-manager\\src\\shared\\api\\store\\project\\project.store.ts","all":false,"statementMap":{"0":{"start":{"line":1,"column":0},"end":{"line":1,"column":38}},"1":{"start":{"line":2,"column":0},"end":{"line":2,"column":48}},"2":{"start":{"line":3,"column":0},"end":{"line":3,"column":0}},"3":{"start":{"line":4,"column":0},"end":{"line":4,"column":52}},"4":{"start":{"line":5,"column":0},"end":{"line":5,"column":0}},"5":{"start":{"line":6,"column":0},"end":{"line":6,"column":51}},"6":{"start":{"line":7,"column":0},"end":{"line":7,"column":0}},"7":{"start":{"line":8,"column":0},"end":{"line":8,"column":48}}},"s":{"0":1,"1":1,"2":1,"3":1,"4":1,"5":1,"6":1,"7":1},"branchMap":{},"b":{},"fnMap":{},"f":{}}
,"C:\\my directory\\marlen\\task-manager\\src\\shared\\api\\store\\task\\index.ts": {"path":"C:\\my directory\\marlen\\task-manager\\src\\shared\\api\\store\\task\\index.ts","all":false,"statementMap":{"0":{"start":{"line":1,"column":0},"end":{"line":1,"column":37}},"1":{"start":{"line":2,"column":0},"end":{"line":2,"column":38}},"2":{"start":{"line":3,"column":0},"end":{"line":3,"column":31}}},"s":{"0":1,"1":1,"2":1},"branchMap":{},"b":{},"fnMap":{},"f":{}}
,"C:\\my directory\\marlen\\task-manager\\src\\shared\\api\\store\\task\\task.api.ts": {"path":"C:\\my directory\\marlen\\task-manager\\src\\shared\\api\\store\\task\\task.api.ts","all":false,"statementMap":{"0":{"start":{"line":1,"column":0},"end":{"line":1,"column":36}},"1":{"start":{"line":2,"column":0},"end":{"line":2,"column":0}},"2":{"start":{"line":3,"column":0},"end":{"line":3,"column":44}},"3":{"start":{"line":4,"column":0},"end":{"line":4,"column":0}},"4":{"start":{"line":5,"column":0},"end":{"line":5,"column":58}},"5":{"start":{"line":6,"column":0},"end":{"line":6,"column":0}},"6":{"start":{"line":7,"column":0},"end":{"line":7,"column":37}},"7":{"start":{"line":8,"column":0},"end":{"line":8,"column":0}},"8":{"start":{"line":9,"column":0},"end":{"line":9,"column":16}},"9":{"start":{"line":10,"column":0},"end":{"line":10,"column":44}},"10":{"start":{"line":11,"column":0},"end":{"line":11,"column":38}},"11":{"start":{"line":12,"column":0},"end":{"line":12,"column":78}},"12":{"start":{"line":13,"column":0},"end":{"line":13,"column":25}},"13":{"start":{"line":14,"column":0},"end":{"line":14,"column":14}},"14":{"start":{"line":15,"column":0},"end":{"line":15,"column":21}},"15":{"start":{"line":16,"column":0},"end":{"line":16,"column":33}},"16":{"start":{"line":17,"column":0},"end":{"line":17,"column":17}},"17":{"start":{"line":18,"column":0},"end":{"line":18,"column":12}},"18":{"start":{"line":19,"column":0},"end":{"line":19,"column":18}},"19":{"start":{"line":20,"column":0},"end":{"line":20,"column":3}},"20":{"start":{"line":21,"column":0},"end":{"line":21,"column":28}},"21":{"start":{"line":22,"column":0},"end":{"line":22,"column":3}},"22":{"start":{"line":23,"column":0},"end":{"line":23,"column":37}},"23":{"start":{"line":24,"column":0},"end":{"line":24,"column":61}},"24":{"start":{"line":25,"column":0},"end":{"line":25,"column":26}},"25":{"start":{"line":26,"column":0},"end":{"line":26,"column":27}},"26":{"start":{"line":27,"column":0},"end":{"line":27,"column":81}},"27":{"start":{"line":28,"column":0},"end":{"line":28,"column":49}},"28":{"start":{"line":29,"column":0},"end":{"line":29,"column":84}},"29":{"start":{"line":30,"column":0},"end":{"line":30,"column":43}},"30":{"start":{"line":31,"column":0},"end":{"line":31,"column":3}},"31":{"start":{"line":32,"column":0},"end":{"line":32,"column":41}},"32":{"start":{"line":33,"column":0},"end":{"line":33,"column":26}},"33":{"start":{"line":34,"column":0},"end":{"line":34,"column":64}},"34":{"start":{"line":35,"column":0},"end":{"line":35,"column":3}},"35":{"start":{"line":36,"column":0},"end":{"line":36,"column":3}},"36":{"start":{"line":37,"column":0},"end":{"line":37,"column":2}}},"s":{"0":1,"1":1,"2":1,"3":1,"4":1,"5":1,"6":1,"7":1,"8":1,"9":1,"10":1,"11":1,"12":1,"13":1,"14":1,"15":1,"16":1,"17":1,"18":1,"19":1,"20":1,"21":1,"22":1,"23":1,"24":1,"25":1,"26":1,"27":1,"28":1,"29":1,"30":1,"31":1,"32":1,"33":2,"34":1,"35":1,"36":1},"branchMap":{"0":{"type":"branch","line":11,"loc":{"start":{"line":11,"column":1},"end":{"line":22,"column":3}},"locations":[{"start":{"line":11,"column":1},"end":{"line":22,"column":3}}]},"1":{"type":"branch","line":23,"loc":{"start":{"line":23,"column":1},"end":{"line":31,"column":3}},"locations":[{"start":{"line":23,"column":1},"end":{"line":31,"column":3}}]},"2":{"type":"branch","line":25,"loc":{"start":{"line":25,"column":20},"end":{"line":25,"column":26}},"locations":[{"start":{"line":25,"column":20},"end":{"line":25,"column":26}}]},"3":{"type":"branch","line":24,"loc":{"start":{"line":24,"column":33},"end":{"line":24,"column":61}},"locations":[{"start":{"line":24,"column":33},"end":{"line":24,"column":61}}]},"4":{"type":"branch","line":27,"loc":{"start":{"line":27,"column":11},"end":{"line":27,"column":81}},"locations":[{"start":{"line":27,"column":11},"end":{"line":27,"column":81}}]},"5":{"type":"branch","line":28,"loc":{"start":{"line":28,"column":8},"end":{"line":28,"column":49}},"locations":[{"start":{"line":28,"column":8},"end":{"line":28,"column":49}}]},"6":{"type":"branch","line":29,"loc":{"start":{"line":29,"column":37},"end":{"line":29,"column":84}},"locations":[{"start":{"line":29,"column":37},"end":{"line":29,"column":84}}]},"7":{"type":"branch","line":32,"loc":{"start":{"line":32,"column":1},"end":{"line":36,"column":3}},"locations":[{"start":{"line":32,"column":1},"end":{"line":36,"column":3}}]},"8":{"type":"branch","line":33,"loc":{"start":{"line":33,"column":19},"end":{"line":34,"column":64}},"locations":[{"start":{"line":33,"column":19},"end":{"line":34,"column":64}}]},"9":{"type":"branch","line":34,"loc":{"start":{"line":34,"column":23},"end":{"line":34,"column":59}},"locations":[{"start":{"line":34,"column":23},"end":{"line":34,"column":59}}]},"10":{"type":"branch","line":34,"loc":{"start":{"line":34,"column":55},"end":{"line":34,"column":64}},"locations":[{"start":{"line":34,"column":55},"end":{"line":34,"column":64}}]}},"b":{"0":[1],"1":[1],"2":[0],"3":[1],"4":[2],"5":[1],"6":[2],"7":[1],"8":[2],"9":[1],"10":[1]},"fnMap":{"0":{"name":"addTask","decl":{"start":{"line":11,"column":1},"end":{"line":22,"column":3}},"loc":{"start":{"line":11,"column":1},"end":{"line":22,"column":3}},"line":11},"1":{"name":"deleteTask","decl":{"start":{"line":23,"column":1},"end":{"line":31,"column":3}},"loc":{"start":{"line":23,"column":1},"end":{"line":31,"column":3}},"line":23},"2":{"name":"updateTask","decl":{"start":{"line":32,"column":1},"end":{"line":36,"column":3}},"loc":{"start":{"line":32,"column":1},"end":{"line":36,"column":3}},"line":32}},"f":{"0":1,"1":1,"2":1}}
,"C:\\my directory\\marlen\\task-manager\\src\\shared\\api\\store\\task\\task.mock.ts": {"path":"C:\\my directory\\marlen\\task-manager\\src\\shared\\api\\store\\task\\task.mock.ts","all":false,"statementMap":{"0":{"start":{"line":1,"column":0},"end":{"line":1,"column":59}},"1":{"start":{"line":2,"column":0},"end":{"line":2,"column":0}},"2":{"start":{"line":3,"column":0},"end":{"line":3,"column":84}},"3":{"start":{"line":4,"column":0},"end":{"line":4,"column":0}},"4":{"start":{"line":5,"column":0},"end":{"line":5,"column":82}},"5":{"start":{"line":6,"column":0},"end":{"line":6,"column":0}},"6":{"start":{"line":7,"column":0},"end":{"line":7,"column":34}},"7":{"start":{"line":8,"column":0},"end":{"line":8,"column":2}},"8":{"start":{"line":9,"column":0},"end":{"line":9,"column":14}},"9":{"start":{"line":10,"column":0},"end":{"line":10,"column":16}},"10":{"start":{"line":11,"column":0},"end":{"line":11,"column":17}},"11":{"start":{"line":12,"column":0},"end":{"line":12,"column":11}},"12":{"start":{"line":13,"column":0},"end":{"line":13,"column":11}},"13":{"start":{"line":14,"column":0},"end":{"line":14,"column":21}},"14":{"start":{"line":15,"column":0},"end":{"line":15,"column":20}},"15":{"start":{"line":16,"column":0},"end":{"line":16,"column":3}},"16":{"start":{"line":17,"column":0},"end":{"line":17,"column":2}},"17":{"start":{"line":18,"column":0},"end":{"line":18,"column":15}},"18":{"start":{"line":19,"column":0},"end":{"line":19,"column":23}},"19":{"start":{"line":20,"column":0},"end":{"line":20,"column":17}},"20":{"start":{"line":21,"column":0},"end":{"line":21,"column":11}},"21":{"start":{"line":22,"column":0},"end":{"line":22,"column":11}},"22":{"start":{"line":23,"column":0},"end":{"line":23,"column":21}},"23":{"start":{"line":24,"column":0},"end":{"line":24,"column":20}},"24":{"start":{"line":25,"column":0},"end":{"line":25,"column":3}},"25":{"start":{"line":26,"column":0},"end":{"line":26,"column":1}}},"s":{"0":1,"1":1,"2":1,"3":1,"4":1,"5":1,"6":1,"7":1,"8":1,"9":1,"10":1,"11":1,"12":1,"13":1,"14":1,"15":1,"16":1,"17":1,"18":1,"19":1,"20":1,"21":1,"22":1,"23":1,"24":1,"25":1},"branchMap":{},"b":{},"fnMap":{},"f":{}}
,"C:\\my directory\\marlen\\task-manager\\src\\shared\\api\\store\\task\\task.selector.ts": {"path":"C:\\my directory\\marlen\\task-manager\\src\\shared\\api\\store\\task\\task.selector.ts","all":false,"statementMap":{"0":{"start":{"line":1,"column":0},"end":{"line":1,"column":35}},"1":{"start":{"line":2,"column":0},"end":{"line":2,"column":0}},"2":{"start":{"line":3,"column":0},"end":{"line":3,"column":78}},"3":{"start":{"line":4,"column":0},"end":{"line":4,"column":49}},"4":{"start":{"line":5,"column":0},"end":{"line":5,"column":0}},"5":{"start":{"line":6,"column":0},"end":{"line":6,"column":66}},"6":{"start":{"line":7,"column":0},"end":{"line":7,"column":35}}},"s":{"0":1,"1":1,"2":1,"3":1,"4":1,"5":1,"6":0},"branchMap":{},"b":{},"fnMap":{"0":{"name":"taskByColumnIdSelector","decl":{"start":{"line":4,"column":40},"end":{"line":4,"column":49}},"loc":{"start":{"line":4,"column":40},"end":{"line":4,"column":49}},"line":4},"1":{"name":"taskByIdSelector","decl":{"start":{"line":6,"column":32},"end":{"line":7,"column":35}},"loc":{"start":{"line":6,"column":32},"end":{"line":7,"column":35}},"line":6}},"f":{"0":0,"1":0}}
,"C:\\my directory\\marlen\\task-manager\\src\\shared\\api\\store\\task\\task.store.ts": {"path":"C:\\my directory\\marlen\\task-manager\\src\\shared\\api\\store\\task\\task.store.ts","all":false,"statementMap":{"0":{"start":{"line":1,"column":0},"end":{"line":1,"column":38}},"1":{"start":{"line":2,"column":0},"end":{"line":2,"column":48}},"2":{"start":{"line":3,"column":0},"end":{"line":3,"column":0}},"3":{"start":{"line":4,"column":0},"end":{"line":4,"column":42}},"4":{"start":{"line":5,"column":0},"end":{"line":5,"column":34}},"5":{"start":{"line":6,"column":0},"end":{"line":6,"column":0}},"6":{"start":{"line":7,"column":0},"end":{"line":7,"column":45}},"7":{"start":{"line":8,"column":0},"end":{"line":8,"column":0}},"8":{"start":{"line":9,"column":0},"end":{"line":9,"column":41}}},"s":{"0":1,"1":1,"2":1,"3":1,"4":1,"5":1,"6":1,"7":1,"8":1},"branchMap":{},"b":{},"fnMap":{},"f":{}}
,"C:\\my directory\\marlen\\task-manager\\src\\shared\\api\\types\\Column.ts": {"path":"C:\\my directory\\marlen\\task-manager\\src\\shared\\api\\types\\Column.ts","all":false,"statementMap":{"0":{"start":{"line":1,"column":0},"end":{"line":1,"column":31}},"1":{"start":{"line":2,"column":0},"end":{"line":2,"column":13}},"2":{"start":{"line":3,"column":0},"end":{"line":3,"column":11}},"3":{"start":{"line":4,"column":0},"end":{"line":4,"column":18}},"4":{"start":{"line":5,"column":0},"end":{"line":5,"column":1}},"5":{"start":{"line":6,"column":0},"end":{"line":6,"column":0}},"6":{"start":{"line":7,"column":0},"end":{"line":7,"column":46}},"7":{"start":{"line":8,"column":0},"end":{"line":8,"column":14}},"8":{"start":{"line":9,"column":0},"end":{"line":9,"column":11}},"9":{"start":{"line":10,"column":0},"end":{"line":10,"column":1}},"10":{"start":{"line":11,"column":0},"end":{"line":11,"column":0}},"11":{"start":{"line":12,"column":0},"end":{"line":12,"column":31}},"12":{"start":{"line":13,"column":0},"end":{"line":13,"column":50}},"13":{"start":{"line":14,"column":0},"end":{"line":14,"column":11}},"14":{"start":{"line":15,"column":0},"end":{"line":15,"column":1}},"15":{"start":{"line":16,"column":0},"end":{"line":16,"column":0}},"16":{"start":{"line":17,"column":0},"end":{"line":17,"column":33}}},"s":{"0":1,"1":1,"2":1,"3":1,"4":1,"5":1,"6":1,"7":1,"8":1,"9":1,"10":1,"11":1,"12":1,"13":1,"14":1,"15":1,"16":1},"branchMap":{},"b":{},"fnMap":{},"f":{}}
,"C:\\my directory\\marlen\\task-manager\\src\\shared\\api\\types\\Project.ts": {"path":"C:\\my directory\\marlen\\task-manager\\src\\shared\\api\\types\\Project.ts","all":false,"statementMap":{"0":{"start":{"line":1,"column":0},"end":{"line":1,"column":32}},"1":{"start":{"line":2,"column":0},"end":{"line":2,"column":14}},"2":{"start":{"line":3,"column":0},"end":{"line":3,"column":13}},"3":{"start":{"line":4,"column":0},"end":{"line":4,"column":11}},"4":{"start":{"line":5,"column":0},"end":{"line":5,"column":1}},"5":{"start":{"line":6,"column":0},"end":{"line":6,"column":0}},"6":{"start":{"line":7,"column":0},"end":{"line":7,"column":48}},"7":{"start":{"line":8,"column":0},"end":{"line":8,"column":11}},"8":{"start":{"line":9,"column":0},"end":{"line":9,"column":18}},"9":{"start":{"line":10,"column":0},"end":{"line":10,"column":1}},"10":{"start":{"line":11,"column":0},"end":{"line":11,"column":0}},"11":{"start":{"line":12,"column":0},"end":{"line":12,"column":32}},"12":{"start":{"line":13,"column":0},"end":{"line":13,"column":38}},"13":{"start":{"line":14,"column":0},"end":{"line":14,"column":11}},"14":{"start":{"line":15,"column":0},"end":{"line":15,"column":1}},"15":{"start":{"line":16,"column":0},"end":{"line":16,"column":0}},"16":{"start":{"line":17,"column":0},"end":{"line":17,"column":48}},"17":{"start":{"line":18,"column":0},"end":{"line":18,"column":15}},"18":{"start":{"line":19,"column":0},"end":{"line":19,"column":1}}},"s":{"0":1,"1":1,"2":1,"3":1,"4":1,"5":1,"6":1,"7":1,"8":1,"9":1,"10":1,"11":1,"12":1,"13":1,"14":1,"15":1,"16":1,"17":1,"18":1},"branchMap":{},"b":{},"fnMap":{},"f":{}}
,"C:\\my directory\\marlen\\task-manager\\src\\shared\\api\\types\\Tag.ts": {"path":"C:\\my directory\\marlen\\task-manager\\src\\shared\\api\\types\\Tag.ts","all":false,"statementMap":{"0":{"start":{"line":1,"column":0},"end":{"line":1,"column":22}},"1":{"start":{"line":2,"column":0},"end":{"line":2,"column":11}},"2":{"start":{"line":3,"column":0},"end":{"line":3,"column":13}},"3":{"start":{"line":4,"column":0},"end":{"line":4,"column":11}},"4":{"start":{"line":5,"column":0},"end":{"line":5,"column":14}},"5":{"start":{"line":6,"column":0},"end":{"line":6,"column":1}}},"s":{"0":1,"1":1,"2":1,"3":1,"4":1,"5":1},"branchMap":{},"b":{},"fnMap":{},"f":{}}
,"C:\\my directory\\marlen\\task-manager\\src\\shared\\api\\types\\Task.ts": {"path":"C:\\my directory\\marlen\\task-manager\\src\\shared\\api\\types\\Task.ts","all":false,"statementMap":{"0":{"start":{"line":1,"column":0},"end":{"line":1,"column":44}},"1":{"start":{"line":2,"column":0},"end":{"line":2,"column":27}},"2":{"start":{"line":3,"column":0},"end":{"line":3,"column":0}},"3":{"start":{"line":4,"column":0},"end":{"line":4,"column":29}},"4":{"start":{"line":5,"column":0},"end":{"line":5,"column":13}},"5":{"start":{"line":6,"column":0},"end":{"line":6,"column":17}},"6":{"start":{"line":7,"column":0},"end":{"line":7,"column":1}},"7":{"start":{"line":8,"column":0},"end":{"line":8,"column":0}},"8":{"start":{"line":9,"column":0},"end":{"line":9,"column":42}},"9":{"start":{"line":10,"column":0},"end":{"line":10,"column":11}},"10":{"start":{"line":11,"column":0},"end":{"line":11,"column":14}},"11":{"start":{"line":12,"column":0},"end":{"line":12,"column":27}},"12":{"start":{"line":13,"column":0},"end":{"line":13,"column":33}},"13":{"start":{"line":14,"column":0},"end":{"line":14,"column":12}},"14":{"start":{"line":15,"column":0},"end":{"line":15,"column":1}},"15":{"start":{"line":16,"column":0},"end":{"line":16,"column":0}},"16":{"start":{"line":17,"column":0},"end":{"line":17,"column":29}},"17":{"start":{"line":18,"column":0},"end":{"line":18,"column":45}},"18":{"start":{"line":19,"column":0},"end":{"line":19,"column":11}},"19":{"start":{"line":20,"column":0},"end":{"line":20,"column":1}}},"s":{"0":1,"1":1,"2":1,"3":1,"4":1,"5":1,"6":1,"7":1,"8":1,"9":1,"10":1,"11":1,"12":1,"13":1,"14":1,"15":1,"16":1,"17":1,"18":1,"19":1},"branchMap":{},"b":{},"fnMap":{},"f":{}}
,"C:\\my directory\\marlen\\task-manager\\src\\shared\\api\\types\\index.ts": {"path":"C:\\my directory\\marlen\\task-manager\\src\\shared\\api\\types\\index.ts","all":false,"statementMap":{"0":{"start":{"line":1,"column":0},"end":{"line":1,"column":22}},"1":{"start":{"line":2,"column":0},"end":{"line":2,"column":24}},"2":{"start":{"line":3,"column":0},"end":{"line":3,"column":21}},"3":{"start":{"line":4,"column":0},"end":{"line":4,"column":25}}},"s":{"0":1,"1":1,"2":1,"3":1},"branchMap":{},"b":{},"fnMap":{},"f":{}}
,"C:\\my directory\\marlen\\task-manager\\src\\shared\\lib\\index.ts": {"path":"C:\\my directory\\marlen\\task-manager\\src\\shared\\lib\\index.ts","all":false,"statementMap":{"0":{"start":{"line":1,"column":0},"end":{"line":1,"column":25}}},"s":{"0":1},"branchMap":{},"b":{},"fnMap":{},"f":{}}
,"C:\\my directory\\marlen\\task-manager\\src\\shared\\lib\\helpers\\Compose.tsx": {"path":"C:\\my directory\\marlen\\task-manager\\src\\shared\\lib\\helpers\\Compose.tsx","all":false,"statementMap":{"0":{"start":{"line":1,"column":0},"end":{"line":1,"column":68}},"1":{"start":{"line":2,"column":0},"end":{"line":2,"column":0}},"2":{"start":{"line":3,"column":0},"end":{"line":3,"column":27}},"3":{"start":{"line":4,"column":0},"end":{"line":4,"column":68}},"4":{"start":{"line":5,"column":0},"end":{"line":5,"column":1}},"5":{"start":{"line":6,"column":0},"end":{"line":6,"column":0}},"6":{"start":{"line":7,"column":0},"end":{"line":7,"column":65}},"7":{"start":{"line":8,"column":0},"end":{"line":8,"column":10}},"8":{"start":{"line":9,"column":0},"end":{"line":9,"column":11}},"9":{"start":{"line":10,"column":0},"end":{"line":10,"column":7}},"10":{"start":{"line":11,"column":0},"end":{"line":11,"column":9}},"11":{"start":{"line":12,"column":0},"end":{"line":12,"column":4}},"12":{"start":{"line":13,"column":0},"end":{"line":13,"column":26}},"13":{"start":{"line":14,"column":0},"end":{"line":14,"column":20}},"14":{"start":{"line":15,"column":0},"end":{"line":15,"column":23}},"15":{"start":{"line":16,"column":0},"end":{"line":16,"column":6}},"16":{"start":{"line":17,"column":0},"end":{"line":17,"column":13}},"17":{"start":{"line":18,"column":0},"end":{"line":18,"column":5}},"18":{"start":{"line":19,"column":0},"end":{"line":19,"column":5}},"19":{"start":{"line":20,"column":0},"end":{"line":20,"column":2}},"20":{"start":{"line":21,"column":0},"end":{"line":21,"column":1}}},"s":{"0":1,"1":1,"2":1,"3":1,"4":1,"5":1,"6":1,"7":2,"8":2,"9":2,"10":2,"11":2,"12":2,"13":2,"14":1,"15":1,"16":1,"17":2,"18":2,"19":2,"20":2},"branchMap":{"0":{"type":"branch","line":7,"loc":{"start":{"line":7,"column":63},"end":{"line":21,"column":1}},"locations":[{"start":{"line":7,"column":63},"end":{"line":21,"column":1}}]},"1":{"type":"branch","line":14,"loc":{"start":{"line":14,"column":4},"end":{"line":17,"column":13}},"locations":[{"start":{"line":14,"column":4},"end":{"line":17,"column":13}}]}},"b":{"0":[2],"1":[1]},"fnMap":{"0":{"name":"Compose","decl":{"start":{"line":7,"column":63},"end":{"line":21,"column":1}},"loc":{"start":{"line":7,"column":63},"end":{"line":21,"column":1}},"line":7}},"f":{"0":2}}
,"C:\\my directory\\marlen\\task-manager\\src\\shared\\lib\\helpers\\index.ts": {"path":"C:\\my directory\\marlen\\task-manager\\src\\shared\\lib\\helpers\\index.ts","all":false,"statementMap":{"0":{"start":{"line":1,"column":0},"end":{"line":1,"column":35}},"1":{"start":{"line":2,"column":0},"end":{"line":2,"column":24}},"2":{"start":{"line":3,"column":0},"end":{"line":3,"column":24}},"3":{"start":{"line":4,"column":0},"end":{"line":4,"column":22}}},"s":{"0":1,"1":1,"2":1,"3":1},"branchMap":{},"b":{},"fnMap":{},"f":{}}
,"C:\\my directory\\marlen\\task-manager\\src\\shared\\lib\\helpers\\date\\date.ts": {"path":"C:\\my directory\\marlen\\task-manager\\src\\shared\\lib\\helpers\\date\\date.ts","all":false,"statementMap":{"0":{"start":{"line":1,"column":0},"end":{"line":1,"column":51}},"1":{"start":{"line":2,"column":0},"end":{"line":2,"column":0}},"2":{"start":{"line":3,"column":0},"end":{"line":3,"column":72}},"3":{"start":{"line":4,"column":0},"end":{"line":4,"column":28}},"4":{"start":{"line":5,"column":0},"end":{"line":5,"column":46}},"5":{"start":{"line":6,"column":0},"end":{"line":6,"column":19}},"6":{"start":{"line":7,"column":0},"end":{"line":7,"column":17}},"7":{"start":{"line":8,"column":0},"end":{"line":8,"column":17}},"8":{"start":{"line":9,"column":0},"end":{"line":9,"column":3}},"9":{"start":{"line":10,"column":0},"end":{"line":10,"column":0}},"10":{"start":{"line":11,"column":0},"end":{"line":11,"column":39}},"11":{"start":{"line":12,"column":0},"end":{"line":12,"column":1}},"12":{"start":{"line":13,"column":0},"end":{"line":13,"column":0}},"13":{"start":{"line":14,"column":0},"end":{"line":14,"column":42}},"14":{"start":{"line":15,"column":0},"end":{"line":15,"column":28}},"15":{"start":{"line":16,"column":0},"end":{"line":16,"column":73}},"16":{"start":{"line":17,"column":0},"end":{"line":17,"column":1}}},"s":{"0":1,"1":1,"2":1,"3":7,"4":7,"5":7,"6":7,"7":7,"8":7,"9":7,"10":7,"11":7,"12":1,"13":1,"14":4,"15":4,"16":4},"branchMap":{"0":{"type":"branch","line":3,"loc":{"start":{"line":3,"column":38},"end":{"line":12,"column":1}},"locations":[{"start":{"line":3,"column":38},"end":{"line":12,"column":1}}]},"1":{"type":"branch","line":14,"loc":{"start":{"line":14,"column":23},"end":{"line":17,"column":1}},"locations":[{"start":{"line":14,"column":23},"end":{"line":17,"column":1}}]}},"b":{"0":[7],"1":[4]},"fnMap":{"0":{"name":"getMonthDateAndWeekDay","decl":{"start":{"line":3,"column":38},"end":{"line":12,"column":1}},"loc":{"start":{"line":3,"column":38},"end":{"line":12,"column":1}},"line":3},"1":{"name":"getHour","decl":{"start":{"line":14,"column":23},"end":{"line":17,"column":1}},"loc":{"start":{"line":14,"column":23},"end":{"line":17,"column":1}},"line":14}},"f":{"0":7,"1":4}}
,"C:\\my directory\\marlen\\task-manager\\src\\shared\\lib\\helpers\\date\\index.ts": {"path":"C:\\my directory\\marlen\\task-manager\\src\\shared\\lib\\helpers\\date\\index.ts","all":false,"statementMap":{"0":{"start":{"line":1,"column":0},"end":{"line":1,"column":22}}},"s":{"0":1},"branchMap":{},"b":{},"fnMap":{},"f":{}}
,"C:\\my directory\\marlen\\task-manager\\src\\shared\\lib\\helpers\\number\\index.ts": {"path":"C:\\my directory\\marlen\\task-manager\\src\\shared\\lib\\helpers\\number\\index.ts","all":false,"statementMap":{"0":{"start":{"line":1,"column":0},"end":{"line":1,"column":39}}},"s":{"0":1},"branchMap":{},"b":{},"fnMap":{},"f":{}}
,"C:\\my directory\\marlen\\task-manager\\src\\shared\\lib\\helpers\\number\\number.ts": {"path":"C:\\my directory\\marlen\\task-manager\\src\\shared\\lib\\helpers\\number\\number.ts","all":false,"statementMap":{"0":{"start":{"line":1,"column":0},"end":{"line":1,"column":69}},"1":{"start":{"line":2,"column":0},"end":{"line":2,"column":22}},"2":{"start":{"line":3,"column":0},"end":{"line":3,"column":59}},"3":{"start":{"line":4,"column":0},"end":{"line":4,"column":2}},"4":{"start":{"line":5,"column":0},"end":{"line":5,"column":10}},"5":{"start":{"line":6,"column":0},"end":{"line":6,"column":1}}},"s":{"0":1,"1":3,"2":2,"3":2,"4":1,"5":1},"branchMap":{"0":{"type":"branch","line":1,"loc":{"start":{"line":1,"column":63},"end":{"line":6,"column":1}},"locations":[{"start":{"line":1,"column":63},"end":{"line":6,"column":1}}]},"1":{"type":"branch","line":2,"loc":{"start":{"line":2,"column":21},"end":{"line":4,"column":2}},"locations":[{"start":{"line":2,"column":21},"end":{"line":4,"column":2}}]},"2":{"type":"branch","line":4,"loc":{"start":{"line":4,"column":1},"end":{"line":6,"column":1}},"locations":[{"start":{"line":4,"column":1},"end":{"line":6,"column":1}}]},"3":{"type":"branch","line":3,"loc":{"start":{"line":3,"column":21},"end":{"line":3,"column":44}},"locations":[{"start":{"line":3,"column":21},"end":{"line":3,"column":44}}]}},"b":{"0":[3],"1":[2],"2":[1],"3":[6]},"fnMap":{"0":{"name":"concatNumber","decl":{"start":{"line":1,"column":63},"end":{"line":6,"column":1}},"loc":{"start":{"line":1,"column":63},"end":{"line":6,"column":1}},"line":1}},"f":{"0":3}}
,"C:\\my directory\\marlen\\task-manager\\src\\shared\\lib\\helpers\\string\\index.ts": {"path":"C:\\my directory\\marlen\\task-manager\\src\\shared\\lib\\helpers\\string\\index.ts","all":false,"statementMap":{"0":{"start":{"line":1,"column":0},"end":{"line":1,"column":24}}},"s":{"0":1},"branchMap":{},"b":{},"fnMap":{},"f":{}}
,"C:\\my directory\\marlen\\task-manager\\src\\shared\\lib\\helpers\\string\\string.ts": {"path":"C:\\my directory\\marlen\\task-manager\\src\\shared\\lib\\helpers\\string\\string.ts","all":false,"statementMap":{"0":{"start":{"line":1,"column":0},"end":{"line":1,"column":74}},"1":{"start":{"line":2,"column":0},"end":{"line":2,"column":78}}},"s":{"0":1,"1":1},"branchMap":{"0":{"type":"branch","line":2,"loc":{"start":{"line":2,"column":68},"end":{"line":2,"column":78}},"locations":[{"start":{"line":2,"column":68},"end":{"line":2,"column":78}}]},"1":{"type":"branch","line":2,"loc":{"start":{"line":2,"column":68},"end":{"line":2,"column":78}},"locations":[{"start":{"line":2,"column":68},"end":{"line":2,"column":78}}]}},"b":{"0":[9],"1":[13]},"fnMap":{"0":{"name":"firstLetterUpperCase","decl":{"start":{"line":2,"column":68},"end":{"line":2,"column":78}},"loc":{"start":{"line":2,"column":68},"end":{"line":2,"column":78}},"line":2}},"f":{"0":9}}
,"C:\\my directory\\marlen\\task-manager\\src\\shared\\package\\classname\\index.ts": {"path":"C:\\my directory\\marlen\\task-manager\\src\\shared\\package\\classname\\index.ts","all":false,"statementMap":{"0":{"start":{"line":1,"column":0},"end":{"line":1,"column":36}},"1":{"start":{"line":2,"column":0},"end":{"line":2,"column":25}},"2":{"start":{"line":3,"column":0},"end":{"line":3,"column":1}},"3":{"start":{"line":4,"column":0},"end":{"line":4,"column":0}},"4":{"start":{"line":5,"column":0},"end":{"line":5,"column":22}},"5":{"start":{"line":6,"column":0},"end":{"line":6,"column":9}},"6":{"start":{"line":7,"column":0},"end":{"line":7,"column":16}},"7":{"start":{"line":8,"column":0},"end":{"line":8,"column":27}},"8":{"start":{"line":9,"column":0},"end":{"line":9,"column":8}},"9":{"start":{"line":10,"column":0},"end":{"line":10,"column":7}},"10":{"start":{"line":11,"column":0},"end":{"line":11,"column":12}},"11":{"start":{"line":12,"column":0},"end":{"line":12,"column":3}},"12":{"start":{"line":13,"column":0},"end":{"line":13,"column":0}},"13":{"start":{"line":14,"column":0},"end":{"line":14,"column":57}},"14":{"start":{"line":15,"column":0},"end":{"line":15,"column":28}},"15":{"start":{"line":16,"column":0},"end":{"line":16,"column":24}},"16":{"start":{"line":17,"column":0},"end":{"line":17,"column":31}},"17":{"start":{"line":18,"column":0},"end":{"line":18,"column":18}},"18":{"start":{"line":19,"column":0},"end":{"line":19,"column":33}},"19":{"start":{"line":20,"column":0},"end":{"line":20,"column":49}},"20":{"start":{"line":21,"column":0},"end":{"line":21,"column":17}},"21":{"start":{"line":22,"column":0},"end":{"line":22,"column":24}},"22":{"start":{"line":23,"column":0},"end":{"line":23,"column":4}},"23":{"start":{"line":24,"column":0},"end":{"line":24,"column":18}},"24":{"start":{"line":25,"column":0},"end":{"line":25,"column":37}},"25":{"start":{"line":26,"column":0},"end":{"line":26,"column":27}},"26":{"start":{"line":27,"column":0},"end":{"line":27,"column":16}},"27":{"start":{"line":28,"column":0},"end":{"line":28,"column":21}},"28":{"start":{"line":29,"column":0},"end":{"line":29,"column":5}},"29":{"start":{"line":30,"column":0},"end":{"line":30,"column":5}},"30":{"start":{"line":31,"column":0},"end":{"line":31,"column":3}},"31":{"start":{"line":32,"column":0},"end":{"line":32,"column":3}},"32":{"start":{"line":33,"column":0},"end":{"line":33,"column":0}},"33":{"start":{"line":34,"column":0},"end":{"line":34,"column":24}},"34":{"start":{"line":35,"column":0},"end":{"line":35,"column":1}}},"s":{"0":1,"1":1,"2":1,"3":1,"4":1,"5":1,"6":1,"7":1,"8":1,"9":1,"10":1,"11":1,"12":1,"13":1,"14":14,"15":14,"16":32,"17":18,"18":32,"19":2,"20":2,"21":2,"22":2,"23":14,"24":6,"25":15,"26":15,"27":7,"28":7,"29":15,"30":6,"31":32,"32":14,"33":14,"34":14},"branchMap":{"0":{"type":"branch","line":14,"loc":{"start":{"line":14,"column":29},"end":{"line":35,"column":1}},"locations":[{"start":{"line":14,"column":29},"end":{"line":35,"column":1}}]},"1":{"type":"branch","line":16,"loc":{"start":{"line":16,"column":17},"end":{"line":32,"column":3}},"locations":[{"start":{"line":16,"column":17},"end":{"line":32,"column":3}}]},"2":{"type":"branch","line":17,"loc":{"start":{"line":17,"column":30},"end":{"line":19,"column":9}},"locations":[{"start":{"line":17,"column":30},"end":{"line":19,"column":9}}]},"3":{"type":"branch","line":19,"loc":{"start":{"line":19,"column":2},"end":{"line":31,"column":3}},"locations":[{"start":{"line":19,"column":2},"end":{"line":31,"column":3}}]},"4":{"type":"branch","line":19,"loc":{"start":{"line":19,"column":32},"end":{"line":24,"column":9}},"locations":[{"start":{"line":19,"column":32},"end":{"line":24,"column":9}}]},"5":{"type":"branch","line":24,"loc":{"start":{"line":24,"column":2},"end":{"line":31,"column":3}},"locations":[{"start":{"line":24,"column":2},"end":{"line":31,"column":3}}]},"6":{"type":"branch","line":24,"loc":{"start":{"line":24,"column":17},"end":{"line":31,"column":3}},"locations":[{"start":{"line":24,"column":17},"end":{"line":31,"column":3}}]},"7":{"type":"branch","line":25,"loc":{"start":{"line":25,"column":30},"end":{"line":30,"column":5}},"locations":[{"start":{"line":25,"column":30},"end":{"line":30,"column":5}}]},"8":{"type":"branch","line":27,"loc":{"start":{"line":27,"column":15},"end":{"line":29,"column":5}},"locations":[{"start":{"line":27,"column":15},"end":{"line":29,"column":5}}]}},"b":{"0":[14],"1":[32],"2":[18],"3":[14],"4":[2],"5":[12],"6":[6],"7":[15],"8":[7]},"fnMap":{"0":{"name":"classname","decl":{"start":{"line":14,"column":29},"end":{"line":35,"column":1}},"loc":{"start":{"line":14,"column":29},"end":{"line":35,"column":1}},"line":14}},"f":{"0":14}}
,"C:\\my directory\\marlen\\task-manager\\src\\shared\\package\\react-hooks\\index.ts": {"path":"C:\\my directory\\marlen\\task-manager\\src\\shared\\package\\react-hooks\\index.ts","all":false,"statementMap":{"0":{"start":{"line":1,"column":0},"end":{"line":1,"column":22}},"1":{"start":{"line":2,"column":0},"end":{"line":2,"column":25}},"2":{"start":{"line":3,"column":0},"end":{"line":3,"column":48}}},"s":{"0":1,"1":1,"2":1},"branchMap":{},"b":{},"fnMap":{},"f":{}}
,"C:\\my directory\\marlen\\task-manager\\src\\shared\\package\\react-hooks\\core\\index.ts": {"path":"C:\\my directory\\marlen\\task-manager\\src\\shared\\package\\react-hooks\\core\\index.ts","all":false,"statementMap":{"0":{"start":{"line":1,"column":0},"end":{"line":1,"column":51}},"1":{"start":{"line":2,"column":0},"end":{"line":2,"column":51}},"2":{"start":{"line":3,"column":0},"end":{"line":3,"column":64}},"3":{"start":{"line":4,"column":0},"end":{"line":4,"column":39}},"4":{"start":{"line":5,"column":0},"end":{"line":5,"column":43}},"5":{"start":{"line":6,"column":0},"end":{"line":6,"column":58}},"6":{"start":{"line":7,"column":0},"end":{"line":7,"column":49}},"7":{"start":{"line":8,"column":0},"end":{"line":8,"column":39}},"8":{"start":{"line":9,"column":0},"end":{"line":9,"column":37}}},"s":{"0":1,"1":1,"2":1,"3":1,"4":1,"5":1,"6":1,"7":1,"8":1},"branchMap":{},"b":{},"fnMap":{},"f":{}}
,"C:\\my directory\\marlen\\task-manager\\src\\shared\\package\\react-hooks\\core\\useCopyToClickboard\\index.ts": {"path":"C:\\my directory\\marlen\\task-manager\\src\\shared\\package\\react-hooks\\core\\useCopyToClickboard\\index.ts","all":false,"statementMap":{"0":{"start":{"line":1,"column":0},"end":{"line":1,"column":32}},"1":{"start":{"line":2,"column":0},"end":{"line":2,"column":0}},"2":{"start":{"line":3,"column":0},"end":{"line":3,"column":32}},"3":{"start":{"line":4,"column":0},"end":{"line":4,"column":48}},"4":{"start":{"line":5,"column":0},"end":{"line":5,"column":0}},"5":{"start":{"line":6,"column":0},"end":{"line":6,"column":64}},"6":{"start":{"line":7,"column":0},"end":{"line":7,"column":64}},"7":{"start":{"line":8,"column":0},"end":{"line":8,"column":0}},"8":{"start":{"line":9,"column":0},"end":{"line":9,"column":37}},"9":{"start":{"line":10,"column":0},"end":{"line":10,"column":30}},"10":{"start":{"line":11,"column":0},"end":{"line":11,"column":42}},"11":{"start":{"line":12,"column":0},"end":{"line":12,"column":15}},"12":{"start":{"line":13,"column":0},"end":{"line":13,"column":3}},"13":{"start":{"line":14,"column":0},"end":{"line":14,"column":0}},"14":{"start":{"line":15,"column":0},"end":{"line":15,"column":7}},"15":{"start":{"line":16,"column":0},"end":{"line":16,"column":44}},"16":{"start":{"line":17,"column":0},"end":{"line":17,"column":22}},"17":{"start":{"line":18,"column":0},"end":{"line":18,"column":14}},"18":{"start":{"line":19,"column":0},"end":{"line":19,"column":19}},"19":{"start":{"line":20,"column":0},"end":{"line":20,"column":37}},"20":{"start":{"line":21,"column":0},"end":{"line":21,"column":22}},"21":{"start":{"line":22,"column":0},"end":{"line":22,"column":15}},"22":{"start":{"line":23,"column":0},"end":{"line":23,"column":3}},"23":{"start":{"line":24,"column":0},"end":{"line":24,"column":2}},"24":{"start":{"line":25,"column":0},"end":{"line":25,"column":0}},"25":{"start":{"line":26,"column":0},"end":{"line":26,"column":26}},"26":{"start":{"line":27,"column":0},"end":{"line":27,"column":1}}},"s":{"0":1,"1":1,"2":1,"3":1,"4":1,"5":1,"6":3,"7":3,"8":3,"9":1,"10":0,"11":0,"12":0,"13":1,"14":1,"15":1,"16":1,"17":1,"18":1,"19":0,"20":0,"21":0,"22":0,"23":1,"24":3,"25":3,"26":3},"branchMap":{"0":{"type":"branch","line":6,"loc":{"start":{"line":6,"column":34},"end":{"line":27,"column":1}},"locations":[{"start":{"line":6,"column":34},"end":{"line":27,"column":1}}]},"1":{"type":"branch","line":9,"loc":{"start":{"line":9,"column":22},"end":{"line":24,"column":2}},"locations":[{"start":{"line":9,"column":22},"end":{"line":24,"column":2}}]},"2":{"type":"branch","line":10,"loc":{"start":{"line":10,"column":29},"end":{"line":13,"column":3}},"locations":[{"start":{"line":10,"column":29},"end":{"line":13,"column":3}}]},"3":{"type":"branch","line":19,"loc":{"start":{"line":19,"column":4},"end":{"line":23,"column":3}},"locations":[{"start":{"line":19,"column":4},"end":{"line":23,"column":3}}]}},"b":{"0":[3],"1":[1],"2":[0],"3":[0]},"fnMap":{"0":{"name":"useCopyToClipboard","decl":{"start":{"line":6,"column":34},"end":{"line":27,"column":1}},"loc":{"start":{"line":6,"column":34},"end":{"line":27,"column":1}},"line":6},"1":{"name":"copy","decl":{"start":{"line":9,"column":22},"end":{"line":24,"column":2}},"loc":{"start":{"line":9,"column":22},"end":{"line":24,"column":2}},"line":9}},"f":{"0":3,"1":1}}
,"C:\\my directory\\marlen\\task-manager\\src\\shared\\package\\react-hooks\\core\\useDebounce\\index.ts": {"path":"C:\\my directory\\marlen\\task-manager\\src\\shared\\package\\react-hooks\\core\\useDebounce\\index.ts","all":false,"statementMap":{"0":{"start":{"line":1,"column":0},"end":{"line":1,"column":43}},"1":{"start":{"line":2,"column":0},"end":{"line":2,"column":0}},"2":{"start":{"line":3,"column":0},"end":{"line":3,"column":69}},"3":{"start":{"line":4,"column":0},"end":{"line":4,"column":41}},"4":{"start":{"line":5,"column":0},"end":{"line":5,"column":0}},"5":{"start":{"line":6,"column":0},"end":{"line":6,"column":27}},"6":{"start":{"line":7,"column":0},"end":{"line":7,"column":24}},"7":{"start":{"line":8,"column":0},"end":{"line":8,"column":32}},"8":{"start":{"line":9,"column":0},"end":{"line":9,"column":3}},"9":{"start":{"line":10,"column":0},"end":{"line":10,"column":47}},"10":{"start":{"line":11,"column":0},"end":{"line":11,"column":22}},"11":{"start":{"line":12,"column":0},"end":{"line":12,"column":1}}},"s":{"0":1,"1":1,"2":1,"3":2,"4":2,"5":2,"6":3,"7":1,"8":1,"9":3,"10":2,"11":2},"branchMap":{"0":{"type":"branch","line":3,"loc":{"start":{"line":3,"column":27},"end":{"line":12,"column":1}},"locations":[{"start":{"line":3,"column":27},"end":{"line":12,"column":1}}]},"1":{"type":"branch","line":6,"loc":{"start":{"line":6,"column":20},"end":{"line":11,"column":4}},"locations":[{"start":{"line":6,"column":20},"end":{"line":11,"column":4}}]},"2":{"type":"branch","line":7,"loc":{"start":{"line":7,"column":23},"end":{"line":9,"column":3}},"locations":[{"start":{"line":7,"column":23},"end":{"line":9,"column":3}}]}},"b":{"0":[2],"1":[3],"2":[1]},"fnMap":{"0":{"name":"useDebounce","decl":{"start":{"line":3,"column":27},"end":{"line":12,"column":1}},"loc":{"start":{"line":3,"column":27},"end":{"line":12,"column":1}},"line":3}},"f":{"0":2}}
,"C:\\my directory\\marlen\\task-manager\\src\\shared\\package\\react-hooks\\core\\useElementSize\\index.ts": {"path":"C:\\my directory\\marlen\\task-manager\\src\\shared\\package\\react-hooks\\core\\useElementSize\\index.ts","all":false,"statementMap":{"0":{"start":{"line":1,"column":0},"end":{"line":1,"column":45}},"1":{"start":{"line":2,"column":0},"end":{"line":2,"column":0}},"2":{"start":{"line":3,"column":0},"end":{"line":3,"column":57}},"3":{"start":{"line":4,"column":0},"end":{"line":4,"column":50}},"4":{"start":{"line":5,"column":0},"end":{"line":5,"column":0}},"5":{"start":{"line":6,"column":0},"end":{"line":6,"column":16}},"6":{"start":{"line":7,"column":0},"end":{"line":7,"column":14}},"7":{"start":{"line":8,"column":0},"end":{"line":8,"column":15}},"8":{"start":{"line":9,"column":0},"end":{"line":9,"column":1}},"9":{"start":{"line":10,"column":0},"end":{"line":10,"column":0}},"10":{"start":{"line":11,"column":0},"end":{"line":11,"column":75}},"11":{"start":{"line":12,"column":0},"end":{"line":12,"column":26}},"12":{"start":{"line":13,"column":0},"end":{"line":13,"column":6}},"13":{"start":{"line":14,"column":0},"end":{"line":14,"column":6}},"14":{"start":{"line":15,"column":0},"end":{"line":15,"column":47}},"15":{"start":{"line":16,"column":0},"end":{"line":16,"column":41}},"16":{"start":{"line":17,"column":0},"end":{"line":17,"column":11}},"17":{"start":{"line":18,"column":0},"end":{"line":18,"column":12}},"18":{"start":{"line":19,"column":0},"end":{"line":19,"column":3}},"19":{"start":{"line":20,"column":0},"end":{"line":20,"column":0}},"20":{"start":{"line":21,"column":0},"end":{"line":21,"column":39}},"21":{"start":{"line":22,"column":0},"end":{"line":22,"column":11}},"22":{"start":{"line":23,"column":0},"end":{"line":23,"column":32}},"23":{"start":{"line":24,"column":0},"end":{"line":24,"column":34}},"24":{"start":{"line":25,"column":0},"end":{"line":25,"column":4}},"25":{"start":{"line":26,"column":0},"end":{"line":26,"column":42}},"26":{"start":{"line":27,"column":0},"end":{"line":27,"column":0}},"27":{"start":{"line":28,"column":0},"end":{"line":28,"column":39}},"28":{"start":{"line":29,"column":0},"end":{"line":29,"column":0}},"29":{"start":{"line":30,"column":0},"end":{"line":30,"column":34}},"30":{"start":{"line":31,"column":0},"end":{"line":31,"column":14}},"31":{"start":{"line":32,"column":0},"end":{"line":32,"column":42}},"32":{"start":{"line":33,"column":0},"end":{"line":33,"column":0}},"33":{"start":{"line":34,"column":0},"end":{"line":34,"column":22}},"34":{"start":{"line":35,"column":0},"end":{"line":35,"column":1}}},"s":{"0":1,"1":1,"2":1,"3":1,"4":1,"5":1,"6":1,"7":1,"8":1,"9":1,"10":1,"11":18,"12":18,"13":18,"14":18,"15":18,"16":18,"17":18,"18":18,"19":18,"20":18,"21":9,"22":9,"23":9,"24":9,"25":18,"26":18,"27":18,"28":18,"29":18,"30":9,"31":18,"32":18,"33":18,"34":18},"branchMap":{"0":{"type":"branch","line":11,"loc":{"start":{"line":11,"column":30},"end":{"line":35,"column":1}},"locations":[{"start":{"line":11,"column":30},"end":{"line":35,"column":1}}]},"1":{"type":"branch","line":26,"loc":{"start":{"line":26,"column":5},"end":{"line":26,"column":24}},"locations":[{"start":{"line":26,"column":5},"end":{"line":26,"column":24}}]},"2":{"type":"branch","line":26,"loc":{"start":{"line":26,"column":24},"end":{"line":26,"column":41}},"locations":[{"start":{"line":26,"column":24},"end":{"line":26,"column":41}}]},"3":{"type":"branch","line":32,"loc":{"start":{"line":32,"column":5},"end":{"line":32,"column":24}},"locations":[{"start":{"line":32,"column":5},"end":{"line":32,"column":24}}]},"4":{"type":"branch","line":32,"loc":{"start":{"line":32,"column":24},"end":{"line":32,"column":41}},"locations":[{"start":{"line":32,"column":24},"end":{"line":32,"column":41}}]},"5":{"type":"branch","line":21,"loc":{"start":{"line":21,"column":32},"end":{"line":26,"column":4}},"locations":[{"start":{"line":21,"column":32},"end":{"line":26,"column":4}}]},"6":{"type":"branch","line":23,"loc":{"start":{"line":23,"column":10},"end":{"line":23,"column":30}},"locations":[{"start":{"line":23,"column":10},"end":{"line":23,"column":30}}]},"7":{"type":"branch","line":23,"loc":{"start":{"line":23,"column":15},"end":{"line":23,"column":32}},"locations":[{"start":{"line":23,"column":15},"end":{"line":23,"column":32}}]},"8":{"type":"branch","line":24,"loc":{"start":{"line":24,"column":11},"end":{"line":24,"column":32}},"locations":[{"start":{"line":24,"column":11},"end":{"line":24,"column":32}}]},"9":{"type":"branch","line":24,"loc":{"start":{"line":24,"column":16},"end":{"line":24,"column":34}},"locations":[{"start":{"line":24,"column":16},"end":{"line":24,"column":34}}]},"10":{"type":"branch","line":30,"loc":{"start":{"line":30,"column":27},"end":{"line":32,"column":4}},"locations":[{"start":{"line":30,"column":27},"end":{"line":32,"column":4}}]}},"b":{"0":[18],"1":[12],"2":[12],"3":[12],"4":[12],"5":[9],"6":[6],"7":[6],"8":[6],"9":[3],"10":[9]},"fnMap":{"0":{"name":"useElementSize","decl":{"start":{"line":11,"column":30},"end":{"line":35,"column":1}},"loc":{"start":{"line":11,"column":30},"end":{"line":35,"column":1}},"line":11}},"f":{"0":18}}
,"C:\\my directory\\marlen\\task-manager\\src\\shared\\package\\react-hooks\\core\\useEventListener\\index.ts": {"path":"C:\\my directory\\marlen\\task-manager\\src\\shared\\package\\react-hooks\\core\\useEventListener\\index.ts","all":false,"statementMap":{"0":{"start":{"line":1,"column":0},"end":{"line":1,"column":52}},"1":{"start":{"line":2,"column":0},"end":{"line":2,"column":0}},"2":{"start":{"line":3,"column":0},"end":{"line":3,"column":57}},"3":{"start":{"line":4,"column":0},"end":{"line":4,"column":0}},"4":{"start":{"line":5,"column":0},"end":{"line":5,"column":66}},"5":{"start":{"line":6,"column":0},"end":{"line":6,"column":14}},"6":{"start":{"line":7,"column":0},"end":{"line":7,"column":53}},"7":{"start":{"line":8,"column":0},"end":{"line":8,"column":36}},"8":{"start":{"line":9,"column":0},"end":{"line":9,"column":45}},"9":{"start":{"line":10,"column":0},"end":{"line":10,"column":7}},"10":{"start":{"line":11,"column":0},"end":{"line":11,"column":0}},"11":{"start":{"line":12,"column":0},"end":{"line":12,"column":58}},"12":{"start":{"line":13,"column":0},"end":{"line":13,"column":14}},"13":{"start":{"line":14,"column":0},"end":{"line":14,"column":45}},"14":{"start":{"line":15,"column":0},"end":{"line":15,"column":21}},"15":{"start":{"line":16,"column":0},"end":{"line":16,"column":45}},"16":{"start":{"line":17,"column":0},"end":{"line":17,"column":7}},"17":{"start":{"line":18,"column":0},"end":{"line":18,"column":0}},"18":{"start":{"line":19,"column":0},"end":{"line":19,"column":26}},"19":{"start":{"line":20,"column":0},"end":{"line":20,"column":37}},"20":{"start":{"line":21,"column":0},"end":{"line":21,"column":40}},"21":{"start":{"line":22,"column":0},"end":{"line":22,"column":2}},"22":{"start":{"line":23,"column":0},"end":{"line":23,"column":14}},"23":{"start":{"line":24,"column":0},"end":{"line":24,"column":50}},"24":{"start":{"line":25,"column":0},"end":{"line":25,"column":23}},"25":{"start":{"line":26,"column":0},"end":{"line":26,"column":45}},"26":{"start":{"line":27,"column":0},"end":{"line":27,"column":7}},"27":{"start":{"line":28,"column":0},"end":{"line":28,"column":0}},"28":{"start":{"line":29,"column":0},"end":{"line":29,"column":60}},"29":{"start":{"line":30,"column":0},"end":{"line":30,"column":14}},"30":{"start":{"line":31,"column":0},"end":{"line":31,"column":47}},"31":{"start":{"line":32,"column":0},"end":{"line":32,"column":30}},"32":{"start":{"line":33,"column":0},"end":{"line":33,"column":45}},"33":{"start":{"line":34,"column":0},"end":{"line":34,"column":7}},"34":{"start":{"line":35,"column":0},"end":{"line":35,"column":0}},"35":{"start":{"line":36,"column":0},"end":{"line":36,"column":26}},"36":{"start":{"line":37,"column":0},"end":{"line":37,"column":33}},"37":{"start":{"line":38,"column":0},"end":{"line":38,"column":38}},"38":{"start":{"line":39,"column":0},"end":{"line":39,"column":41}},"39":{"start":{"line":40,"column":0},"end":{"line":40,"column":54}},"40":{"start":{"line":41,"column":0},"end":{"line":41,"column":2}},"41":{"start":{"line":42,"column":0},"end":{"line":42,"column":25}},"42":{"start":{"line":43,"column":0},"end":{"line":43,"column":11}},"43":{"start":{"line":44,"column":0},"end":{"line":44,"column":8}},"44":{"start":{"line":45,"column":0},"end":{"line":45,"column":23}},"45":{"start":{"line":46,"column":0},"end":{"line":46,"column":28}},"46":{"start":{"line":47,"column":0},"end":{"line":47,"column":31}},"47":{"start":{"line":48,"column":0},"end":{"line":48,"column":11}},"48":{"start":{"line":49,"column":0},"end":{"line":49,"column":11}},"49":{"start":{"line":50,"column":0},"end":{"line":50,"column":24}},"50":{"start":{"line":51,"column":0},"end":{"line":51,"column":45}},"51":{"start":{"line":52,"column":0},"end":{"line":52,"column":3}},"52":{"start":{"line":53,"column":0},"end":{"line":53,"column":37}},"53":{"start":{"line":54,"column":0},"end":{"line":54,"column":0}},"54":{"start":{"line":55,"column":0},"end":{"line":55,"column":34}},"55":{"start":{"line":56,"column":0},"end":{"line":56,"column":32}},"56":{"start":{"line":57,"column":0},"end":{"line":57,"column":14}},"57":{"start":{"line":58,"column":0},"end":{"line":58,"column":0}},"58":{"start":{"line":59,"column":0},"end":{"line":59,"column":18}},"59":{"start":{"line":60,"column":0},"end":{"line":60,"column":62}},"60":{"start":{"line":61,"column":0},"end":{"line":61,"column":0}},"61":{"start":{"line":62,"column":0},"end":{"line":62,"column":64}},"62":{"start":{"line":63,"column":0},"end":{"line":63,"column":0}},"63":{"start":{"line":64,"column":0},"end":{"line":64,"column":71}},"64":{"start":{"line":65,"column":0},"end":{"line":65,"column":0}},"65":{"start":{"line":66,"column":0},"end":{"line":66,"column":62}},"66":{"start":{"line":67,"column":0},"end":{"line":67,"column":0}},"67":{"start":{"line":68,"column":0},"end":{"line":68,"column":16}},"68":{"start":{"line":69,"column":0},"end":{"line":69,"column":66}},"69":{"start":{"line":70,"column":0},"end":{"line":70,"column":3}},"70":{"start":{"line":71,"column":0},"end":{"line":71,"column":34}},"71":{"start":{"line":72,"column":0},"end":{"line":72,"column":1}},"72":{"start":{"line":73,"column":0},"end":{"line":73,"column":0}},"73":{"start":{"line":74,"column":0},"end":{"line":74,"column":31}}},"s":{"0":1,"1":1,"2":1,"3":1,"4":1,"5":1,"6":1,"7":1,"8":1,"9":1,"10":1,"11":1,"12":1,"13":1,"14":1,"15":1,"16":1,"17":1,"18":1,"19":1,"20":1,"21":1,"22":1,"23":1,"24":1,"25":1,"26":1,"27":1,"28":1,"29":1,"30":1,"31":1,"32":1,"33":1,"34":1,"35":25,"36":25,"37":25,"38":25,"39":25,"40":25,"41":25,"42":25,"43":25,"44":25,"45":25,"46":25,"47":25,"48":25,"49":25,"50":25,"51":25,"52":25,"53":25,"54":25,"55":16,"56":25,"57":25,"58":25,"59":10,"60":10,"61":10,"62":10,"63":10,"64":10,"65":10,"66":10,"67":10,"68":10,"69":10,"70":25,"71":25,"72":1,"73":1},"branchMap":{"0":{"type":"branch","line":36,"loc":{"start":{"line":36,"column":0},"end":{"line":72,"column":1}},"locations":[{"start":{"line":36,"column":0},"end":{"line":72,"column":1}}]},"1":{"type":"branch","line":55,"loc":{"start":{"line":55,"column":27},"end":{"line":57,"column":4}},"locations":[{"start":{"line":55,"column":27},"end":{"line":57,"column":4}}]},"2":{"type":"branch","line":59,"loc":{"start":{"line":59,"column":11},"end":{"line":71,"column":4}},"locations":[{"start":{"line":59,"column":11},"end":{"line":71,"column":4}}]},"3":{"type":"branch","line":60,"loc":{"start":{"line":60,"column":36},"end":{"line":60,"column":56}},"locations":[{"start":{"line":60,"column":36},"end":{"line":60,"column":56}}]},"4":{"type":"branch","line":60,"loc":{"start":{"line":60,"column":45},"end":{"line":60,"column":62}},"locations":[{"start":{"line":60,"column":45},"end":{"line":60,"column":62}}]},"5":{"type":"branch","line":62,"loc":{"start":{"line":62,"column":58},"end":{"line":62,"column":64}},"locations":[{"start":{"line":62,"column":58},"end":{"line":62,"column":64}}]},"6":{"type":"branch","line":64,"loc":{"start":{"line":64,"column":35},"end":{"line":64,"column":71}},"locations":[{"start":{"line":64,"column":35},"end":{"line":64,"column":71}}]},"7":{"type":"branch","line":68,"loc":{"start":{"line":68,"column":9},"end":{"line":70,"column":3}},"locations":[{"start":{"line":68,"column":9},"end":{"line":70,"column":3}}]}},"b":{"0":[25],"1":[16],"2":[10],"3":[5],"4":[5],"5":[0],"6":[3],"7":[10]},"fnMap":{"0":{"name":"useEventListener","decl":{"start":{"line":36,"column":0},"end":{"line":72,"column":1}},"loc":{"start":{"line":36,"column":0},"end":{"line":72,"column":1}},"line":36},"1":{"name":"listener","decl":{"start":{"line":64,"column":35},"end":{"line":64,"column":71}},"loc":{"start":{"line":64,"column":35},"end":{"line":64,"column":71}},"line":64}},"f":{"0":25,"1":3}}
,"C:\\my directory\\marlen\\task-manager\\src\\shared\\package\\react-hooks\\core\\useInput\\index.ts": {"path":"C:\\my directory\\marlen\\task-manager\\src\\shared\\package\\react-hooks\\core\\useInput\\index.ts","all":false,"statementMap":{"0":{"start":{"line":1,"column":0},"end":{"line":1,"column":45}},"1":{"start":{"line":2,"column":0},"end":{"line":2,"column":0}},"2":{"start":{"line":3,"column":0},"end":{"line":3,"column":48}},"3":{"start":{"line":4,"column":0},"end":{"line":4,"column":49}},"4":{"start":{"line":5,"column":0},"end":{"line":5,"column":0}},"5":{"start":{"line":6,"column":0},"end":{"line":6,"column":57}},"6":{"start":{"line":7,"column":0},"end":{"line":7,"column":26}},"7":{"start":{"line":8,"column":0},"end":{"line":8,"column":2}},"8":{"start":{"line":9,"column":0},"end":{"line":9,"column":0}},"9":{"start":{"line":10,"column":0},"end":{"line":10,"column":9}},"10":{"start":{"line":11,"column":0},"end":{"line":11,"column":8}},"11":{"start":{"line":12,"column":0},"end":{"line":12,"column":11}},"12":{"start":{"line":13,"column":0},"end":{"line":13,"column":2}},"13":{"start":{"line":14,"column":0},"end":{"line":14,"column":1}}},"s":{"0":1,"1":1,"2":1,"3":2,"4":2,"5":2,"6":0,"7":0,"8":2,"9":2,"10":2,"11":2,"12":2,"13":2},"branchMap":{"0":{"type":"branch","line":3,"loc":{"start":{"line":3,"column":24},"end":{"line":14,"column":1}},"locations":[{"start":{"line":3,"column":24},"end":{"line":14,"column":1}}]}},"b":{"0":[2]},"fnMap":{"0":{"name":"useInput","decl":{"start":{"line":3,"column":24},"end":{"line":14,"column":1}},"loc":{"start":{"line":3,"column":24},"end":{"line":14,"column":1}},"line":3},"1":{"name":"onChange","decl":{"start":{"line":6,"column":18},"end":{"line":8,"column":2}},"loc":{"start":{"line":6,"column":18},"end":{"line":8,"column":2}},"line":6}},"f":{"0":2,"1":0}}
,"C:\\my directory\\marlen\\task-manager\\src\\shared\\package\\react-hooks\\core\\useOutsideClick\\index.ts": {"path":"C:\\my directory\\marlen\\task-manager\\src\\shared\\package\\react-hooks\\core\\useOutsideClick\\index.ts","all":false,"statementMap":{"0":{"start":{"line":1,"column":0},"end":{"line":1,"column":41}},"1":{"start":{"line":2,"column":0},"end":{"line":2,"column":0}},"2":{"start":{"line":3,"column":0},"end":{"line":3,"column":72}},"3":{"start":{"line":4,"column":0},"end":{"line":4,"column":22}},"4":{"start":{"line":5,"column":0},"end":{"line":5,"column":6}},"5":{"start":{"line":6,"column":0},"end":{"line":6,"column":28}},"6":{"start":{"line":7,"column":0},"end":{"line":7,"column":0}},"7":{"start":{"line":8,"column":0},"end":{"line":8,"column":48}},"8":{"start":{"line":9,"column":0},"end":{"line":9,"column":30}},"9":{"start":{"line":10,"column":0},"end":{"line":10,"column":53}},"10":{"start":{"line":11,"column":0},"end":{"line":11,"column":13}},"11":{"start":{"line":12,"column":0},"end":{"line":12,"column":3}},"12":{"start":{"line":13,"column":0},"end":{"line":13,"column":2}},"13":{"start":{"line":14,"column":0},"end":{"line":14,"column":0}},"14":{"start":{"line":15,"column":0},"end":{"line":15,"column":48}},"15":{"start":{"line":16,"column":0},"end":{"line":16,"column":30}},"16":{"start":{"line":17,"column":0},"end":{"line":17,"column":53}},"17":{"start":{"line":18,"column":0},"end":{"line":18,"column":13}},"18":{"start":{"line":19,"column":0},"end":{"line":19,"column":3}},"19":{"start":{"line":20,"column":0},"end":{"line":20,"column":2}},"20":{"start":{"line":21,"column":0},"end":{"line":21,"column":0}},"21":{"start":{"line":22,"column":0},"end":{"line":22,"column":18}},"22":{"start":{"line":23,"column":0},"end":{"line":23,"column":62}},"23":{"start":{"line":24,"column":0},"end":{"line":24,"column":67}},"24":{"start":{"line":25,"column":0},"end":{"line":25,"column":16}},"25":{"start":{"line":26,"column":0},"end":{"line":26,"column":66}},"26":{"start":{"line":27,"column":0},"end":{"line":27,"column":71}},"27":{"start":{"line":28,"column":0},"end":{"line":28,"column":3}},"28":{"start":{"line":29,"column":0},"end":{"line":29,"column":7}},"29":{"start":{"line":30,"column":0},"end":{"line":30,"column":0}},"30":{"start":{"line":31,"column":0},"end":{"line":31,"column":11}},"31":{"start":{"line":32,"column":0},"end":{"line":32,"column":1}}},"s":{"0":1,"1":1,"2":1,"3":3,"4":3,"5":3,"6":3,"7":3,"8":2,"9":2,"10":1,"11":1,"12":2,"13":3,"14":3,"15":0,"16":0,"17":0,"18":0,"19":0,"20":3,"21":3,"22":3,"23":3,"24":3,"25":3,"26":3,"27":3,"28":3,"29":3,"30":3,"31":3},"branchMap":{"0":{"type":"branch","line":3,"loc":{"start":{"line":3,"column":31},"end":{"line":32,"column":1}},"locations":[{"start":{"line":3,"column":31},"end":{"line":32,"column":1}}]},"1":{"type":"branch","line":8,"loc":{"start":{"line":8,"column":28},"end":{"line":13,"column":2}},"locations":[{"start":{"line":8,"column":28},"end":{"line":13,"column":2}}]},"2":{"type":"branch","line":10,"loc":{"start":{"line":10,"column":52},"end":{"line":12,"column":3}},"locations":[{"start":{"line":10,"column":52},"end":{"line":12,"column":3}}]},"3":{"type":"branch","line":22,"loc":{"start":{"line":22,"column":11},"end":{"line":29,"column":4}},"locations":[{"start":{"line":22,"column":11},"end":{"line":29,"column":4}}]},"4":{"type":"branch","line":25,"loc":{"start":{"line":25,"column":9},"end":{"line":28,"column":3}},"locations":[{"start":{"line":25,"column":9},"end":{"line":28,"column":3}}]}},"b":{"0":[3],"1":[2],"2":[1],"3":[3],"4":[3]},"fnMap":{"0":{"name":"useOutsideClick","decl":{"start":{"line":3,"column":31},"end":{"line":32,"column":1}},"loc":{"start":{"line":3,"column":31},"end":{"line":32,"column":1}},"line":3},"1":{"name":"handleClickOutside","decl":{"start":{"line":8,"column":28},"end":{"line":13,"column":2}},"loc":{"start":{"line":8,"column":28},"end":{"line":13,"column":2}},"line":8},"2":{"name":"handleTouchOutside","decl":{"start":{"line":15,"column":28},"end":{"line":20,"column":2}},"loc":{"start":{"line":15,"column":28},"end":{"line":20,"column":2}},"line":15}},"f":{"0":3,"1":2,"2":0}}
,"C:\\my directory\\marlen\\task-manager\\src\\shared\\package\\react-hooks\\core\\useScreen\\index.ts": {"path":"C:\\my directory\\marlen\\task-manager\\src\\shared\\package\\react-hooks\\core\\useScreen\\index.ts","all":false,"statementMap":{"0":{"start":{"line":1,"column":0},"end":{"line":1,"column":32}},"1":{"start":{"line":2,"column":0},"end":{"line":2,"column":0}},"2":{"start":{"line":3,"column":0},"end":{"line":3,"column":57}},"3":{"start":{"line":4,"column":0},"end":{"line":4,"column":50}},"4":{"start":{"line":5,"column":0},"end":{"line":5,"column":0}},"5":{"start":{"line":6,"column":0},"end":{"line":6,"column":32}},"6":{"start":{"line":7,"column":0},"end":{"line":7,"column":26}},"7":{"start":{"line":8,"column":0},"end":{"line":8,"column":55}},"8":{"start":{"line":9,"column":0},"end":{"line":9,"column":23}},"9":{"start":{"line":10,"column":0},"end":{"line":10,"column":3}},"10":{"start":{"line":11,"column":0},"end":{"line":11,"column":18}},"11":{"start":{"line":12,"column":0},"end":{"line":12,"column":2}},"12":{"start":{"line":13,"column":0},"end":{"line":13,"column":0}},"13":{"start":{"line":14,"column":0},"end":{"line":14,"column":70}},"14":{"start":{"line":15,"column":0},"end":{"line":15,"column":0}},"15":{"start":{"line":16,"column":0},"end":{"line":16,"column":24}},"16":{"start":{"line":17,"column":0},"end":{"line":17,"column":24}},"17":{"start":{"line":18,"column":0},"end":{"line":18,"column":2}},"18":{"start":{"line":19,"column":0},"end":{"line":19,"column":0}},"19":{"start":{"line":20,"column":0},"end":{"line":20,"column":39}},"20":{"start":{"line":21,"column":0},"end":{"line":21,"column":0}},"21":{"start":{"line":22,"column":0},"end":{"line":22,"column":34}},"22":{"start":{"line":23,"column":0},"end":{"line":23,"column":14}},"23":{"start":{"line":24,"column":0},"end":{"line":24,"column":7}},"24":{"start":{"line":25,"column":0},"end":{"line":25,"column":0}},"25":{"start":{"line":26,"column":0},"end":{"line":26,"column":14}},"26":{"start":{"line":27,"column":0},"end":{"line":27,"column":1}}},"s":{"0":1,"1":1,"2":1,"3":1,"4":1,"5":1,"6":0,"7":0,"8":0,"9":0,"10":0,"11":0,"12":0,"13":0,"14":0,"15":0,"16":0,"17":0,"18":0,"19":0,"20":0,"21":0,"22":0,"23":0,"24":0,"25":0,"26":0},"branchMap":{},"b":{},"fnMap":{"0":{"name":"useScreen","decl":{"start":{"line":6,"column":25},"end":{"line":27,"column":1}},"loc":{"start":{"line":6,"column":25},"end":{"line":27,"column":1}},"line":6}},"f":{"0":0}}
,"C:\\my directory\\marlen\\task-manager\\src\\shared\\package\\react-hooks\\core\\useThrottleCallback\\index.ts": {"path":"C:\\my directory\\marlen\\task-manager\\src\\shared\\package\\react-hooks\\core\\useThrottleCallback\\index.ts","all":false,"statementMap":{"0":{"start":{"line":1,"column":0},"end":{"line":1,"column":30}},"1":{"start":{"line":2,"column":0},"end":{"line":2,"column":0}},"2":{"start":{"line":3,"column":0},"end":{"line":3,"column":87}},"3":{"start":{"line":4,"column":0},"end":{"line":4,"column":27}},"4":{"start":{"line":5,"column":0},"end":{"line":5,"column":0}},"5":{"start":{"line":6,"column":0},"end":{"line":6,"column":21}},"6":{"start":{"line":7,"column":0},"end":{"line":7,"column":22}},"7":{"start":{"line":8,"column":0},"end":{"line":8,"column":13}},"8":{"start":{"line":9,"column":0},"end":{"line":9,"column":24}},"9":{"start":{"line":10,"column":0},"end":{"line":10,"column":60}},"10":{"start":{"line":11,"column":0},"end":{"line":11,"column":3}},"11":{"start":{"line":12,"column":0},"end":{"line":12,"column":2}},"12":{"start":{"line":13,"column":0},"end":{"line":13,"column":1}}},"s":{"0":1,"1":1,"2":1,"3":4,"4":4,"5":4,"6":9,"7":4,"8":4,"9":4,"10":4,"11":9,"12":4},"branchMap":{"0":{"type":"branch","line":3,"loc":{"start":{"line":3,"column":35},"end":{"line":13,"column":1}},"locations":[{"start":{"line":3,"column":35},"end":{"line":13,"column":1}}]},"1":{"type":"branch","line":6,"loc":{"start":{"line":6,"column":8},"end":{"line":12,"column":2}},"locations":[{"start":{"line":6,"column":8},"end":{"line":12,"column":2}}]},"2":{"type":"branch","line":7,"loc":{"start":{"line":7,"column":21},"end":{"line":11,"column":3}},"locations":[{"start":{"line":7,"column":21},"end":{"line":11,"column":3}}]},"3":{"type":"branch","line":10,"loc":{"start":{"line":10,"column":14},"end":{"line":10,"column":44}},"locations":[{"start":{"line":10,"column":14},"end":{"line":10,"column":44}}]}},"b":{"0":[4],"1":[9],"2":[4],"3":[1]},"fnMap":{"0":{"name":"useThrottleCallback","decl":{"start":{"line":3,"column":35},"end":{"line":13,"column":1}},"loc":{"start":{"line":3,"column":35},"end":{"line":13,"column":1}},"line":3}},"f":{"0":4}}
,"C:\\my directory\\marlen\\task-manager\\src\\shared\\package\\react-hooks\\core\\useToggle\\index.ts": {"path":"C:\\my directory\\marlen\\task-manager\\src\\shared\\package\\react-hooks\\core\\useToggle\\index.ts","all":false,"statementMap":{"0":{"start":{"line":1,"column":0},"end":{"line":1,"column":53}},"1":{"start":{"line":2,"column":0},"end":{"line":2,"column":0}},"2":{"start":{"line":3,"column":0},"end":{"line":3,"column":26}},"3":{"start":{"line":4,"column":0},"end":{"line":4,"column":14}},"4":{"start":{"line":5,"column":0},"end":{"line":5,"column":20}},"5":{"start":{"line":6,"column":0},"end":{"line":6,"column":44}},"6":{"start":{"line":7,"column":0},"end":{"line":7,"column":45}},"7":{"start":{"line":8,"column":0},"end":{"line":8,"column":6}},"8":{"start":{"line":9,"column":0},"end":{"line":9,"column":41}},"9":{"start":{"line":10,"column":0},"end":{"line":10,"column":27}},"10":{"start":{"line":11,"column":0},"end":{"line":11,"column":0}},"11":{"start":{"line":12,"column":0},"end":{"line":12,"column":35}},"12":{"start":{"line":13,"column":0},"end":{"line":13,"column":22}},"13":{"start":{"line":14,"column":0},"end":{"line":14,"column":15}},"14":{"start":{"line":15,"column":0},"end":{"line":15,"column":19}},"15":{"start":{"line":16,"column":0},"end":{"line":16,"column":40}},"16":{"start":{"line":17,"column":0},"end":{"line":17,"column":11}},"17":{"start":{"line":18,"column":0},"end":{"line":18,"column":18}},"18":{"start":{"line":19,"column":0},"end":{"line":19,"column":38}},"19":{"start":{"line":20,"column":0},"end":{"line":20,"column":4}},"20":{"start":{"line":21,"column":0},"end":{"line":21,"column":24}},"21":{"start":{"line":22,"column":0},"end":{"line":22,"column":59}},"22":{"start":{"line":23,"column":0},"end":{"line":23,"column":3}},"23":{"start":{"line":24,"column":0},"end":{"line":24,"column":7}},"24":{"start":{"line":25,"column":0},"end":{"line":25,"column":0}},"25":{"start":{"line":26,"column":0},"end":{"line":26,"column":9}},"26":{"start":{"line":27,"column":0},"end":{"line":27,"column":8}},"27":{"start":{"line":28,"column":0},"end":{"line":28,"column":9}},"28":{"start":{"line":29,"column":0},"end":{"line":29,"column":2}},"29":{"start":{"line":30,"column":0},"end":{"line":30,"column":1}}},"s":{"0":1,"1":1,"2":1,"3":6,"4":6,"5":6,"6":6,"7":6,"8":6,"9":6,"10":6,"11":6,"12":4,"13":2,"14":0,"15":0,"16":2,"17":2,"18":2,"19":2,"20":2,"21":2,"22":2,"23":6,"24":6,"25":6,"26":6,"27":6,"28":6,"29":6},"branchMap":{"0":{"type":"branch","line":3,"loc":{"start":{"line":3,"column":25},"end":{"line":30,"column":1}},"locations":[{"start":{"line":3,"column":25},"end":{"line":30,"column":1}}]},"1":{"type":"branch","line":12,"loc":{"start":{"line":12,"column":28},"end":{"line":24,"column":4}},"locations":[{"start":{"line":12,"column":28},"end":{"line":24,"column":4}}]},"2":{"type":"branch","line":13,"loc":{"start":{"line":13,"column":21},"end":{"line":23,"column":3}},"locations":[{"start":{"line":13,"column":21},"end":{"line":23,"column":3}}]},"3":{"type":"branch","line":14,"loc":{"start":{"line":14,"column":14},"end":{"line":17,"column":10}},"locations":[{"start":{"line":14,"column":14},"end":{"line":17,"column":10}}]},"4":{"type":"branch","line":19,"loc":{"start":{"line":19,"column":4},"end":{"line":19,"column":38}},"locations":[{"start":{"line":19,"column":4},"end":{"line":19,"column":38}}]},"5":{"type":"branch","line":22,"loc":{"start":{"line":22,"column":14},"end":{"line":22,"column":44}},"locations":[{"start":{"line":22,"column":14},"end":{"line":22,"column":44}}]}},"b":{"0":[6],"1":[4],"2":[2],"3":[0],"4":[1],"5":[1]},"fnMap":{"0":{"name":"useToggle","decl":{"start":{"line":3,"column":25},"end":{"line":30,"column":1}},"loc":{"start":{"line":3,"column":25},"end":{"line":30,"column":1}},"line":3}},"f":{"0":6}}
,"C:\\my directory\\marlen\\task-manager\\src\\shared\\package\\react-hooks\\core\\useUpdateEffect\\index.ts": {"path":"C:\\my directory\\marlen\\task-manager\\src\\shared\\package\\react-hooks\\core\\useUpdateEffect\\index.ts","all":false,"statementMap":{"0":{"start":{"line":1,"column":0},"end":{"line":1,"column":65}},"1":{"start":{"line":2,"column":0},"end":{"line":2,"column":0}},"2":{"start":{"line":3,"column":0},"end":{"line":3,"column":48}},"3":{"start":{"line":4,"column":0},"end":{"line":4,"column":0}},"4":{"start":{"line":5,"column":0},"end":{"line":5,"column":83}},"5":{"start":{"line":6,"column":0},"end":{"line":6,"column":35}},"6":{"start":{"line":7,"column":0},"end":{"line":7,"column":0}},"7":{"start":{"line":8,"column":0},"end":{"line":8,"column":18}},"8":{"start":{"line":9,"column":0},"end":{"line":9,"column":17}},"9":{"start":{"line":10,"column":0},"end":{"line":10,"column":18}},"10":{"start":{"line":11,"column":0},"end":{"line":11,"column":3}},"11":{"start":{"line":12,"column":0},"end":{"line":12,"column":9}},"12":{"start":{"line":13,"column":0},"end":{"line":13,"column":1}}},"s":{"0":1,"1":1,"2":1,"3":1,"4":1,"5":8,"6":8,"7":8,"8":6,"9":2,"10":2,"11":8,"12":8},"branchMap":{"0":{"type":"branch","line":5,"loc":{"start":{"line":5,"column":31},"end":{"line":13,"column":1}},"locations":[{"start":{"line":5,"column":31},"end":{"line":13,"column":1}}]},"1":{"type":"branch","line":8,"loc":{"start":{"line":8,"column":11},"end":{"line":12,"column":4}},"locations":[{"start":{"line":8,"column":11},"end":{"line":12,"column":4}}]},"2":{"type":"branch","line":9,"loc":{"start":{"line":9,"column":16},"end":{"line":11,"column":3}},"locations":[{"start":{"line":9,"column":16},"end":{"line":11,"column":3}}]}},"b":{"0":[8],"1":[6],"2":[2]},"fnMap":{"0":{"name":"useUpdateEffect","decl":{"start":{"line":5,"column":31},"end":{"line":13,"column":1}},"loc":{"start":{"line":5,"column":31},"end":{"line":13,"column":1}},"line":5}},"f":{"0":8}}
,"C:\\my directory\\marlen\\task-manager\\src\\shared\\package\\react-hooks\\utility\\index.ts": {"path":"C:\\my directory\\marlen\\task-manager\\src\\shared\\package\\react-hooks\\utility\\index.ts","all":false,"statementMap":{"0":{"start":{"line":1,"column":0},"end":{"line":1,"column":71}},"1":{"start":{"line":2,"column":0},"end":{"line":2,"column":33}},"2":{"start":{"line":3,"column":0},"end":{"line":3,"column":53}}},"s":{"0":1,"1":1,"2":1},"branchMap":{},"b":{},"fnMap":{},"f":{}}
,"C:\\my directory\\marlen\\task-manager\\src\\shared\\package\\react-hooks\\utility\\useIsFirstRender.ts": {"path":"C:\\my directory\\marlen\\task-manager\\src\\shared\\package\\react-hooks\\utility\\useIsFirstRender.ts","all":false,"statementMap":{"0":{"start":{"line":1,"column":0},"end":{"line":1,"column":30}},"1":{"start":{"line":2,"column":0},"end":{"line":2,"column":0}},"2":{"start":{"line":3,"column":0},"end":{"line":3,"column":48}},"3":{"start":{"line":4,"column":0},"end":{"line":4,"column":29}},"4":{"start":{"line":5,"column":0},"end":{"line":5,"column":0}},"5":{"start":{"line":6,"column":0},"end":{"line":6,"column":23}},"6":{"start":{"line":7,"column":0},"end":{"line":7,"column":25}},"7":{"start":{"line":8,"column":0},"end":{"line":8,"column":0}},"8":{"start":{"line":9,"column":0},"end":{"line":9,"column":13}},"9":{"start":{"line":10,"column":0},"end":{"line":10,"column":2}},"10":{"start":{"line":11,"column":0},"end":{"line":11,"column":0}},"11":{"start":{"line":12,"column":0},"end":{"line":12,"column":23}},"12":{"start":{"line":13,"column":0},"end":{"line":13,"column":1}}},"s":{"0":1,"1":1,"2":1,"3":11,"4":11,"5":11,"6":6,"7":6,"8":6,"9":6,"10":5,"11":5,"12":5},"branchMap":{"0":{"type":"branch","line":3,"loc":{"start":{"line":3,"column":32},"end":{"line":13,"column":1}},"locations":[{"start":{"line":3,"column":32},"end":{"line":13,"column":1}}]},"1":{"type":"branch","line":6,"loc":{"start":{"line":6,"column":22},"end":{"line":13,"column":1}},"locations":[{"start":{"line":6,"column":22},"end":{"line":13,"column":1}}]},"2":{"type":"branch","line":6,"loc":{"start":{"line":6,"column":22},"end":{"line":10,"column":2}},"locations":[{"start":{"line":6,"column":22},"end":{"line":10,"column":2}}]},"3":{"type":"branch","line":10,"loc":{"start":{"line":10,"column":1},"end":{"line":13,"column":1}},"locations":[{"start":{"line":10,"column":1},"end":{"line":13,"column":1}}]}},"b":{"0":[11],"1":[7],"2":[6],"3":[5]},"fnMap":{"0":{"name":"useIsFirstRender","decl":{"start":{"line":3,"column":32},"end":{"line":13,"column":1}},"loc":{"start":{"line":3,"column":32},"end":{"line":13,"column":1}},"line":3}},"f":{"0":11}}
,"C:\\my directory\\marlen\\task-manager\\src\\shared\\package\\react-hooks\\utility\\useIsomorphicLayoutEffect.ts": {"path":"C:\\my directory\\marlen\\task-manager\\src\\shared\\package\\react-hooks\\utility\\useIsomorphicLayoutEffect.ts","all":false,"statementMap":{"0":{"start":{"line":1,"column":0},"end":{"line":1,"column":50}},"1":{"start":{"line":2,"column":0},"end":{"line":2,"column":0}},"2":{"start":{"line":3,"column":0},"end":{"line":3,"column":100}}},"s":{"0":1,"1":1,"2":1},"branchMap":{"0":{"type":"branch","line":3,"loc":{"start":{"line":3,"column":73},"end":{"line":3,"column":100}},"locations":[{"start":{"line":3,"column":73},"end":{"line":3,"column":100}}]}},"b":{"0":[0]},"fnMap":{},"f":{}}
,"C:\\my directory\\marlen\\task-manager\\src\\shared\\package\\react-hooks\\utility\\useSsr.ts": {"path":"C:\\my directory\\marlen\\task-manager\\src\\shared\\package\\react-hooks\\utility\\useSsr.ts","all":false,"statementMap":{"0":{"start":{"line":1,"column":0},"end":{"line":1,"column":29}},"1":{"start":{"line":2,"column":0},"end":{"line":2,"column":14}},"2":{"start":{"line":3,"column":0},"end":{"line":3,"column":85}},"3":{"start":{"line":4,"column":0},"end":{"line":4,"column":0}},"4":{"start":{"line":5,"column":0},"end":{"line":5,"column":9}},"5":{"start":{"line":6,"column":0},"end":{"line":6,"column":21}},"6":{"start":{"line":7,"column":0},"end":{"line":7,"column":19}},"7":{"start":{"line":8,"column":0},"end":{"line":8,"column":2}},"8":{"start":{"line":9,"column":0},"end":{"line":9,"column":1}}},"s":{"0":1,"1":1,"2":1,"3":1,"4":1,"5":1,"6":1,"7":1,"8":1},"branchMap":{"0":{"type":"branch","line":1,"loc":{"start":{"line":1,"column":22},"end":{"line":9,"column":1}},"locations":[{"start":{"line":1,"column":22},"end":{"line":9,"column":1}}]}},"b":{"0":[1]},"fnMap":{"0":{"name":"useSsr","decl":{"start":{"line":1,"column":22},"end":{"line":9,"column":1}},"loc":{"start":{"line":1,"column":22},"end":{"line":9,"column":1}},"line":1}},"f":{"0":1}}
,"C:\\my directory\\marlen\\task-manager\\src\\shared\\package\\uuid\\index.ts": {"path":"C:\\my directory\\marlen\\task-manager\\src\\shared\\package\\uuid\\index.ts","all":false,"statementMap":{"0":{"start":{"line":1,"column":0},"end":{"line":1,"column":21}},"1":{"start":{"line":2,"column":0},"end":{"line":2,"column":15}},"2":{"start":{"line":3,"column":0},"end":{"line":3,"column":79}},"3":{"start":{"line":4,"column":0},"end":{"line":4,"column":38}},"4":{"start":{"line":5,"column":0},"end":{"line":5,"column":38}},"5":{"start":{"line":6,"column":0},"end":{"line":6,"column":24}},"6":{"start":{"line":7,"column":0},"end":{"line":7,"column":4}},"7":{"start":{"line":8,"column":0},"end":{"line":8,"column":3}},"8":{"start":{"line":9,"column":0},"end":{"line":9,"column":1}}},"s":{"0":1,"1":1,"2":5,"3":155,"4":155,"5":155,"6":155,"7":5,"8":1},"branchMap":{"0":{"type":"branch","line":2,"loc":{"start":{"line":2,"column":1},"end":{"line":8,"column":3}},"locations":[{"start":{"line":2,"column":1},"end":{"line":8,"column":3}}]},"1":{"type":"branch","line":3,"loc":{"start":{"line":3,"column":65},"end":{"line":7,"column":4}},"locations":[{"start":{"line":3,"column":65},"end":{"line":7,"column":4}}]},"2":{"type":"branch","line":5,"loc":{"start":{"line":5,"column":13},"end":{"line":5,"column":23}},"locations":[{"start":{"line":5,"column":13},"end":{"line":5,"column":23}}]},"3":{"type":"branch","line":5,"loc":{"start":{"line":5,"column":19},"end":{"line":5,"column":38}},"locations":[{"start":{"line":5,"column":19},"end":{"line":5,"column":38}}]}},"b":{"0":[5],"1":[155],"2":[150],"3":[5]},"fnMap":{"0":{"name":"v4","decl":{"start":{"line":2,"column":1},"end":{"line":8,"column":3}},"loc":{"start":{"line":2,"column":1},"end":{"line":8,"column":3}},"line":2}},"f":{"0":5}}
,"C:\\my directory\\marlen\\task-manager\\src\\shared\\ui\\data-display\\UserHead\\UserHead.tsx": {"path":"C:\\my directory\\marlen\\task-manager\\src\\shared\\ui\\data-display\\UserHead\\UserHead.tsx","all":false,"statementMap":{"0":{"start":{"line":1,"column":0},"end":{"line":1,"column":41}},"1":{"start":{"line":2,"column":0},"end":{"line":2,"column":38}},"2":{"start":{"line":3,"column":0},"end":{"line":3,"column":26}},"3":{"start":{"line":4,"column":0},"end":{"line":4,"column":0}},"4":{"start":{"line":5,"column":0},"end":{"line":5,"column":54}},"5":{"start":{"line":6,"column":0},"end":{"line":6,"column":0}},"6":{"start":{"line":7,"column":0},"end":{"line":7,"column":48}},"7":{"start":{"line":8,"column":0},"end":{"line":8,"column":41}},"8":{"start":{"line":9,"column":0},"end":{"line":9,"column":0}},"9":{"start":{"line":10,"column":0},"end":{"line":10,"column":45}},"10":{"start":{"line":11,"column":0},"end":{"line":11,"column":7}},"11":{"start":{"line":12,"column":0},"end":{"line":12,"column":10}},"12":{"start":{"line":13,"column":0},"end":{"line":13,"column":5}},"13":{"start":{"line":14,"column":0},"end":{"line":14,"column":11}},"14":{"start":{"line":15,"column":0},"end":{"line":15,"column":9}},"15":{"start":{"line":16,"column":0},"end":{"line":16,"column":7}},"16":{"start":{"line":17,"column":0},"end":{"line":17,"column":52}},"17":{"start":{"line":18,"column":0},"end":{"line":18,"column":0}},"18":{"start":{"line":19,"column":0},"end":{"line":19,"column":9}},"19":{"start":{"line":20,"column":0},"end":{"line":20,"column":44}},"20":{"start":{"line":21,"column":0},"end":{"line":21,"column":49}},"21":{"start":{"line":22,"column":0},"end":{"line":22,"column":35}},"22":{"start":{"line":23,"column":0},"end":{"line":23,"column":20}},"23":{"start":{"line":24,"column":0},"end":{"line":24,"column":63}},"24":{"start":{"line":25,"column":0},"end":{"line":25,"column":9}},"25":{"start":{"line":26,"column":0},"end":{"line":26,"column":15}},"26":{"start":{"line":27,"column":0},"end":{"line":27,"column":2}},"27":{"start":{"line":28,"column":0},"end":{"line":28,"column":1}}},"s":{"0":1,"1":1,"2":1,"3":1,"4":1,"5":1,"6":1,"7":1,"8":1,"9":1,"10":3,"11":3,"12":3,"13":3,"14":3,"15":3,"16":3,"17":3,"18":3,"19":3,"20":3,"21":3,"22":3,"23":3,"24":3,"25":3,"26":3,"27":3},"branchMap":{"0":{"type":"branch","line":10,"loc":{"start":{"line":10,"column":43},"end":{"line":28,"column":1}},"locations":[{"start":{"line":10,"column":43},"end":{"line":28,"column":1}}]}},"b":{"0":[3]},"fnMap":{"0":{"name":"UserHead","decl":{"start":{"line":10,"column":43},"end":{"line":28,"column":1}},"loc":{"start":{"line":10,"column":43},"end":{"line":28,"column":1}},"line":10}},"f":{"0":3}}
}
